{"/home/sitiaisyah/Documents/Hacktiv8/Phase-3 Flex/Final Project/coclinic-server/app.js": {"path":"/home/sitiaisyah/Documents/Hacktiv8/Phase-3 Flex/Final Project/coclinic-server/app.js","statementMap":{"0":{"start":{"line":1,"column":13},"end":{"line":1,"column":28}},"1":{"start":{"line":2,"column":16},"end":{"line":2,"column":34}},"2":{"start":{"line":3,"column":12},"end":{"line":3,"column":21}},"3":{"start":{"line":4,"column":15},"end":{"line":4,"column":34}},"4":{"start":{"line":5,"column":21},"end":{"line":5,"column":58}},"5":{"start":{"line":7,"column":0},"end":{"line":9,"column":1}},"6":{"start":{"line":8,"column":2},"end":{"line":8,"column":28}},"7":{"start":{"line":12,"column":0},"end":{"line":12,"column":16}},"8":{"start":{"line":13,"column":0},"end":{"line":13,"column":24}},"9":{"start":{"line":14,"column":0},"end":{"line":14,"column":48}},"10":{"start":{"line":15,"column":0},"end":{"line":15,"column":16}},"11":{"start":{"line":16,"column":0},"end":{"line":16,"column":22}},"12":{"start":{"line":19,"column":0},"end":{"line":19,"column":20}}},"fnMap":{},"branchMap":{"0":{"loc":{"start":{"line":7,"column":0},"end":{"line":9,"column":1}},"type":"if","locations":[{"start":{"line":7,"column":0},"end":{"line":9,"column":1}},{"start":{"line":7,"column":0},"end":{"line":9,"column":1}}],"line":7}},"s":{"0":3,"1":3,"2":3,"3":3,"4":3,"5":3,"6":0,"7":3,"8":3,"9":3,"10":3,"11":3,"12":3},"f":{},"b":{"0":[0,3]},"_coverageSchema":"1a1c01bbd47fc00a2c39e90264f33305004495a9","hash":"69fca4a8c5282e6d863c9bdfa472bc8840520771"}
,"/home/sitiaisyah/Documents/Hacktiv8/Phase-3 Flex/Final Project/coclinic-server/config/config.js": {"path":"/home/sitiaisyah/Documents/Hacktiv8/Phase-3 Flex/Final Project/coclinic-server/config/config.js","statementMap":{"0":{"start":{"line":1,"column":12},"end":{"line":1,"column":32}},"1":{"start":{"line":3,"column":0},"end":{"line":5,"column":1}},"2":{"start":{"line":4,"column":2},"end":{"line":4,"column":28}},"3":{"start":{"line":8,"column":16},"end":{"line":8,"column":33}},"4":{"start":{"line":10,"column":17},"end":{"line":10,"column":54}},"5":{"start":{"line":11,"column":17},"end":{"line":11,"column":54}},"6":{"start":{"line":12,"column":17},"end":{"line":12,"column":50}},"7":{"start":{"line":13,"column":13},"end":{"line":13,"column":46}},"8":{"start":{"line":14,"column":16},"end":{"line":14,"column":52}},"9":{"start":{"line":16,"column":0},"end":{"line":40,"column":1}}},"fnMap":{},"branchMap":{"0":{"loc":{"start":{"line":3,"column":0},"end":{"line":5,"column":1}},"type":"if","locations":[{"start":{"line":3,"column":0},"end":{"line":5,"column":1}},{"start":{"line":3,"column":0},"end":{"line":5,"column":1}}],"line":3}},"s":{"0":3,"1":3,"2":3,"3":3,"4":3,"5":3,"6":3,"7":3,"8":3,"9":3},"f":{},"b":{"0":[3,0]},"_coverageSchema":"1a1c01bbd47fc00a2c39e90264f33305004495a9","hash":"74513d30f50061e671ecba4cbec2b9e5dce6c08b"}
,"/home/sitiaisyah/Documents/Hacktiv8/Phase-3 Flex/Final Project/coclinic-server/controllers/LiveTrackingController.js": {"path":"/home/sitiaisyah/Documents/Hacktiv8/Phase-3 Flex/Final Project/coclinic-server/controllers/LiveTrackingController.js","statementMap":{"0":{"start":{"line":1,"column":53},"end":{"line":1,"column":73}},"1":{"start":{"line":4,"column":12},"end":{"line":4,"column":20}},"2":{"start":{"line":5,"column":15},"end":{"line":5,"column":58}},"3":{"start":{"line":6,"column":15},"end":{"line":6,"column":58}},"4":{"start":{"line":7,"column":10},"end":{"line":9,"column":43}},"5":{"start":{"line":10,"column":10},"end":{"line":10,"column":56}},"6":{"start":{"line":11,"column":10},"end":{"line":11,"column":15}},"7":{"start":{"line":12,"column":2},"end":{"line":12,"column":18}},"8":{"start":{"line":18,"column":15},"end":{"line":18,"column":28}},"9":{"start":{"line":19,"column":36},"end":{"line":19,"column":44}},"10":{"start":{"line":21,"column":4},"end":{"line":55,"column":5}},"11":{"start":{"line":22,"column":23},"end":{"line":36,"column":8}},"12":{"start":{"line":38,"column":6},"end":{"line":52,"column":7}},"13":{"start":{"line":39,"column":22},"end":{"line":39,"column":50}},"14":{"start":{"line":40,"column":23},"end":{"line":40,"column":52}},"15":{"start":{"line":41,"column":28},"end":{"line":41,"column":75}},"16":{"start":{"line":43,"column":8},"end":{"line":43,"column":104}},"17":{"start":{"line":43,"column":33},"end":{"line":43,"column":104}},"18":{"start":{"line":45,"column":8},"end":{"line":45,"column":36}},"19":{"start":{"line":46,"column":8},"end":{"line":46,"column":38}},"20":{"start":{"line":47,"column":8},"end":{"line":47,"column":29}},"21":{"start":{"line":48,"column":8},"end":{"line":48,"column":94}},"22":{"start":{"line":51,"column":8},"end":{"line":51,"column":43}},"23":{"start":{"line":54,"column":6},"end":{"line":54,"column":15}},"24":{"start":{"line":59,"column":19},"end":{"line":59,"column":29}},"25":{"start":{"line":61,"column":4},"end":{"line":85,"column":5}},"26":{"start":{"line":62,"column":23},"end":{"line":76,"column":8}},"27":{"start":{"line":77,"column":6},"end":{"line":82,"column":7}},"28":{"start":{"line":78,"column":8},"end":{"line":78,"column":67}},"29":{"start":{"line":79,"column":8},"end":{"line":79,"column":14}},"30":{"start":{"line":81,"column":8},"end":{"line":81,"column":43}},"31":{"start":{"line":84,"column":6},"end":{"line":84,"column":15}},"32":{"start":{"line":90,"column":0},"end":{"line":90,"column":39}}},"fnMap":{"0":{"name":"measure","decl":{"start":{"line":3,"column":9},"end":{"line":3,"column":16}},"loc":{"start":{"line":3,"column":41},"end":{"line":13,"column":1}},"line":3},"1":{"name":"(anonymous_1)","decl":{"start":{"line":17,"column":2},"end":{"line":17,"column":3}},"loc":{"start":{"line":17,"column":38},"end":{"line":56,"column":3}},"line":17},"2":{"name":"(anonymous_2)","decl":{"start":{"line":58,"column":2},"end":{"line":58,"column":3}},"loc":{"start":{"line":58,"column":38},"end":{"line":86,"column":3}},"line":58}},"branchMap":{"0":{"loc":{"start":{"line":38,"column":6},"end":{"line":52,"column":7}},"type":"if","locations":[{"start":{"line":38,"column":6},"end":{"line":52,"column":7}},{"start":{"line":38,"column":6},"end":{"line":52,"column":7}}],"line":38},"1":{"loc":{"start":{"line":43,"column":8},"end":{"line":43,"column":104}},"type":"if","locations":[{"start":{"line":43,"column":8},"end":{"line":43,"column":104}},{"start":{"line":43,"column":8},"end":{"line":43,"column":104}}],"line":43},"2":{"loc":{"start":{"line":77,"column":6},"end":{"line":82,"column":7}},"type":"if","locations":[{"start":{"line":77,"column":6},"end":{"line":82,"column":7}},{"start":{"line":77,"column":6},"end":{"line":82,"column":7}}],"line":77}},"s":{"0":3,"1":5,"2":5,"3":5,"4":5,"5":5,"6":5,"7":5,"8":6,"9":6,"10":6,"11":6,"12":6,"13":5,"14":5,"15":5,"16":5,"17":1,"18":5,"19":5,"20":5,"21":1,"22":1,"23":4,"24":2,"25":2,"26":2,"27":2,"28":1,"29":1,"30":1,"31":0,"32":3},"f":{"0":5,"1":6,"2":2},"b":{"0":[5,1],"1":[1,4],"2":[1,1]},"_coverageSchema":"1a1c01bbd47fc00a2c39e90264f33305004495a9","hash":"12e1d82bfb04ea207b6df8e028139e8d8622ccb3"}
,"/home/sitiaisyah/Documents/Hacktiv8/Phase-3 Flex/Final Project/coclinic-server/controllers/OrderController.js": {"path":"/home/sitiaisyah/Documents/Hacktiv8/Phase-3 Flex/Final Project/coclinic-server/controllers/OrderController.js","statementMap":{"0":{"start":{"line":1,"column":53},"end":{"line":1,"column":73}},"1":{"start":{"line":5,"column":2},"end":{"line":21,"column":3}},"2":{"start":{"line":6,"column":25},"end":{"line":6,"column":33}},"3":{"start":{"line":7,"column":26},"end":{"line":7,"column":31}},"4":{"start":{"line":8,"column":23},"end":{"line":8,"column":33}},"5":{"start":{"line":9,"column":21},"end":{"line":9,"column":26}},"6":{"start":{"line":10,"column":20},"end":{"line":16,"column":4}},"7":{"start":{"line":17,"column":17},"end":{"line":17,"column":45}},"8":{"start":{"line":18,"column":3},"end":{"line":18,"column":87}},"9":{"start":{"line":20,"column":3},"end":{"line":20,"column":14}},"10":{"start":{"line":25,"column":2},"end":{"line":42,"column":3}},"11":{"start":{"line":26,"column":18},"end":{"line":38,"column":5}},"12":{"start":{"line":39,"column":3},"end":{"line":39,"column":60}},"13":{"start":{"line":41,"column":3},"end":{"line":41,"column":14}},"14":{"start":{"line":45,"column":2},"end":{"line":61,"column":3}},"15":{"start":{"line":46,"column":18},"end":{"line":57,"column":5}},"16":{"start":{"line":58,"column":3},"end":{"line":58,"column":60}},"17":{"start":{"line":60,"column":3},"end":{"line":60,"column":14}},"18":{"start":{"line":64,"column":2},"end":{"line":84,"column":3}},"19":{"start":{"line":65,"column":18},"end":{"line":65,"column":28}},"20":{"start":{"line":66,"column":17},"end":{"line":76,"column":5}},"21":{"start":{"line":77,"column":3},"end":{"line":81,"column":4}},"22":{"start":{"line":78,"column":4},"end":{"line":78,"column":60}},"23":{"start":{"line":80,"column":4},"end":{"line":80,"column":36}},"24":{"start":{"line":83,"column":3},"end":{"line":83,"column":14}},"25":{"start":{"line":87,"column":2},"end":{"line":106,"column":3}},"26":{"start":{"line":88,"column":18},"end":{"line":88,"column":28}},"27":{"start":{"line":89,"column":43},"end":{"line":89,"column":51}},"28":{"start":{"line":90,"column":17},"end":{"line":90,"column":41}},"29":{"start":{"line":91,"column":3},"end":{"line":103,"column":4}},"30":{"start":{"line":92,"column":4},"end":{"line":94,"column":5}},"31":{"start":{"line":93,"column":5},"end":{"line":93,"column":75}},"32":{"start":{"line":96,"column":4},"end":{"line":96,"column":51}},"33":{"start":{"line":97,"column":4},"end":{"line":97,"column":36}},"34":{"start":{"line":98,"column":4},"end":{"line":98,"column":16}},"35":{"start":{"line":99,"column":4},"end":{"line":99,"column":82}},"36":{"start":{"line":102,"column":4},"end":{"line":102,"column":36}},"37":{"start":{"line":105,"column":3},"end":{"line":105,"column":14}},"38":{"start":{"line":110,"column":2},"end":{"line":121,"column":3}},"39":{"start":{"line":111,"column":18},"end":{"line":111,"column":28}},"40":{"start":{"line":112,"column":17},"end":{"line":112,"column":41}},"41":{"start":{"line":113,"column":3},"end":{"line":118,"column":4}},"42":{"start":{"line":114,"column":4},"end":{"line":114,"column":25}},"43":{"start":{"line":115,"column":4},"end":{"line":115,"column":82}},"44":{"start":{"line":117,"column":4},"end":{"line":117,"column":36}},"45":{"start":{"line":120,"column":3},"end":{"line":120,"column":14}},"46":{"start":{"line":125,"column":0},"end":{"line":125,"column":33}}},"fnMap":{"0":{"name":"(anonymous_0)","decl":{"start":{"line":4,"column":1},"end":{"line":4,"column":2}},"loc":{"start":{"line":4,"column":34},"end":{"line":22,"column":2}},"line":4},"1":{"name":"(anonymous_1)","decl":{"start":{"line":24,"column":1},"end":{"line":24,"column":2}},"loc":{"start":{"line":24,"column":50},"end":{"line":43,"column":2}},"line":24},"2":{"name":"(anonymous_2)","decl":{"start":{"line":44,"column":1},"end":{"line":44,"column":2}},"loc":{"start":{"line":44,"column":47},"end":{"line":62,"column":2}},"line":44},"3":{"name":"(anonymous_3)","decl":{"start":{"line":63,"column":1},"end":{"line":63,"column":2}},"loc":{"start":{"line":63,"column":49},"end":{"line":85,"column":2}},"line":63},"4":{"name":"(anonymous_4)","decl":{"start":{"line":86,"column":1},"end":{"line":86,"column":2}},"loc":{"start":{"line":86,"column":46},"end":{"line":108,"column":2}},"line":86},"5":{"name":"(anonymous_5)","decl":{"start":{"line":109,"column":1},"end":{"line":109,"column":2}},"loc":{"start":{"line":109,"column":37},"end":{"line":122,"column":2}},"line":109}},"branchMap":{"0":{"loc":{"start":{"line":77,"column":3},"end":{"line":81,"column":4}},"type":"if","locations":[{"start":{"line":77,"column":3},"end":{"line":81,"column":4}},{"start":{"line":77,"column":3},"end":{"line":81,"column":4}}],"line":77},"1":{"loc":{"start":{"line":91,"column":3},"end":{"line":103,"column":4}},"type":"if","locations":[{"start":{"line":91,"column":3},"end":{"line":103,"column":4}},{"start":{"line":91,"column":3},"end":{"line":103,"column":4}}],"line":91},"2":{"loc":{"start":{"line":92,"column":4},"end":{"line":94,"column":5}},"type":"if","locations":[{"start":{"line":92,"column":4},"end":{"line":94,"column":5}},{"start":{"line":92,"column":4},"end":{"line":94,"column":5}}],"line":92},"3":{"loc":{"start":{"line":92,"column":8},"end":{"line":92,"column":69}},"type":"binary-expr","locations":[{"start":{"line":92,"column":8},"end":{"line":92,"column":33}},{"start":{"line":92,"column":37},"end":{"line":92,"column":69}}],"line":92},"4":{"loc":{"start":{"line":113,"column":3},"end":{"line":118,"column":4}},"type":"if","locations":[{"start":{"line":113,"column":3},"end":{"line":118,"column":4}},{"start":{"line":113,"column":3},"end":{"line":118,"column":4}}],"line":113}},"s":{"0":3,"1":5,"2":5,"3":5,"4":5,"5":5,"6":5,"7":5,"8":1,"9":4,"10":1,"11":1,"12":1,"13":0,"14":1,"15":1,"16":1,"17":0,"18":2,"19":2,"20":2,"21":2,"22":1,"23":1,"24":0,"25":2,"26":2,"27":2,"28":2,"29":2,"30":1,"31":1,"32":1,"33":1,"34":1,"35":1,"36":1,"37":0,"38":2,"39":2,"40":2,"41":2,"42":1,"43":1,"44":1,"45":0,"46":3},"f":{"0":5,"1":1,"2":1,"3":2,"4":2,"5":2},"b":{"0":[1,1],"1":[1,1],"2":[1,0],"3":[1,1],"4":[1,1]},"_coverageSchema":"1a1c01bbd47fc00a2c39e90264f33305004495a9","hash":"c9336037f39bd6dc990cc55fead161370795738b"}
,"/home/sitiaisyah/Documents/Hacktiv8/Phase-3 Flex/Final Project/coclinic-server/controllers/UserController.js": {"path":"/home/sitiaisyah/Documents/Hacktiv8/Phase-3 Flex/Final Project/coclinic-server/controllers/UserController.js","statementMap":{"0":{"start":{"line":1,"column":17},"end":{"line":1,"column":37}},"1":{"start":{"line":2,"column":29},"end":{"line":2,"column":67}},"2":{"start":{"line":3,"column":26},"end":{"line":3,"column":60}},"3":{"start":{"line":9,"column":4},"end":{"line":17,"column":5}},"4":{"start":{"line":10,"column":94},"end":{"line":10,"column":102}},"5":{"start":{"line":11,"column":22},"end":{"line":11,"column":101}},"6":{"start":{"line":13,"column":6},"end":{"line":13,"column":32}},"7":{"start":{"line":14,"column":6},"end":{"line":14,"column":80}},"8":{"start":{"line":16,"column":6},"end":{"line":16,"column":15}},"9":{"start":{"line":21,"column":4},"end":{"line":32,"column":5}},"10":{"start":{"line":22,"column":34},"end":{"line":22,"column":42}},"11":{"start":{"line":23,"column":19},"end":{"line":23,"column":59}},"12":{"start":{"line":24,"column":6},"end":{"line":29,"column":7}},"13":{"start":{"line":25,"column":29},"end":{"line":25,"column":95}},"14":{"start":{"line":26,"column":8},"end":{"line":26,"column":60}},"15":{"start":{"line":28,"column":8},"end":{"line":28,"column":50}},"16":{"start":{"line":31,"column":6},"end":{"line":31,"column":15}},"17":{"start":{"line":37,"column":0},"end":{"line":37,"column":31}}},"fnMap":{"0":{"name":"(anonymous_0)","decl":{"start":{"line":8,"column":2},"end":{"line":8,"column":3}},"loc":{"start":{"line":8,"column":40},"end":{"line":18,"column":3}},"line":8},"1":{"name":"(anonymous_1)","decl":{"start":{"line":20,"column":2},"end":{"line":20,"column":3}},"loc":{"start":{"line":20,"column":37},"end":{"line":33,"column":3}},"line":20}},"branchMap":{"0":{"loc":{"start":{"line":24,"column":6},"end":{"line":29,"column":7}},"type":"if","locations":[{"start":{"line":24,"column":6},"end":{"line":29,"column":7}},{"start":{"line":24,"column":6},"end":{"line":29,"column":7}}],"line":24},"1":{"loc":{"start":{"line":24,"column":10},"end":{"line":24,"column":59}},"type":"binary-expr","locations":[{"start":{"line":24,"column":10},"end":{"line":24,"column":14}},{"start":{"line":24,"column":18},"end":{"line":24,"column":59}}],"line":24}},"s":{"0":3,"1":3,"2":3,"3":23,"4":23,"5":23,"6":23,"7":1,"8":22,"9":6,"10":6,"11":6,"12":6,"13":2,"14":2,"15":4,"16":0,"17":3},"f":{"0":23,"1":6},"b":{"0":[2,4],"1":[6,4]},"_coverageSchema":"1a1c01bbd47fc00a2c39e90264f33305004495a9","hash":"55dfc675720d2a3e573c51bf63af964adfdc6b8d"}
,"/home/sitiaisyah/Documents/Hacktiv8/Phase-3 Flex/Final Project/coclinic-server/helpers/password-helpers.js": {"path":"/home/sitiaisyah/Documents/Hacktiv8/Phase-3 Flex/Final Project/coclinic-server/helpers/password-helpers.js","statementMap":{"0":{"start":{"line":1,"column":15},"end":{"line":1,"column":32}},"1":{"start":{"line":4,"column":21},"end":{"line":4,"column":64}},"2":{"start":{"line":4,"column":35},"end":{"line":4,"column":64}},"3":{"start":{"line":5,"column":25},"end":{"line":5,"column":95}},"4":{"start":{"line":5,"column":53},"end":{"line":5,"column":95}},"5":{"start":{"line":8,"column":0},"end":{"line":8,"column":51}}},"fnMap":{"0":{"name":"(anonymous_0)","decl":{"start":{"line":4,"column":21},"end":{"line":4,"column":22}},"loc":{"start":{"line":4,"column":35},"end":{"line":4,"column":64}},"line":4},"1":{"name":"(anonymous_1)","decl":{"start":{"line":5,"column":25},"end":{"line":5,"column":26}},"loc":{"start":{"line":5,"column":53},"end":{"line":5,"column":95}},"line":5}},"branchMap":{},"s":{"0":3,"1":3,"2":7,"3":3,"4":4,"5":3},"f":{"0":7,"1":4},"b":{},"_coverageSchema":"1a1c01bbd47fc00a2c39e90264f33305004495a9","hash":"bc40b48aa991027ed51629c41d1b39d9b86bd1e0"}
,"/home/sitiaisyah/Documents/Hacktiv8/Phase-3 Flex/Final Project/coclinic-server/helpers/token-helper.js": {"path":"/home/sitiaisyah/Documents/Hacktiv8/Phase-3 Flex/Final Project/coclinic-server/helpers/token-helper.js","statementMap":{"0":{"start":{"line":1,"column":12},"end":{"line":1,"column":35}},"1":{"start":{"line":3,"column":22},"end":{"line":3,"column":80}},"2":{"start":{"line":3,"column":35},"end":{"line":3,"column":80}},"3":{"start":{"line":4,"column":20},"end":{"line":4,"column":76}},"4":{"start":{"line":4,"column":31},"end":{"line":4,"column":76}},"5":{"start":{"line":6,"column":0},"end":{"line":6,"column":47}}},"fnMap":{"0":{"name":"(anonymous_0)","decl":{"start":{"line":3,"column":22},"end":{"line":3,"column":23}},"loc":{"start":{"line":3,"column":35},"end":{"line":3,"column":80}},"line":3},"1":{"name":"(anonymous_1)","decl":{"start":{"line":4,"column":20},"end":{"line":4,"column":21}},"loc":{"start":{"line":4,"column":31},"end":{"line":4,"column":76}},"line":4}},"branchMap":{},"s":{"0":3,"1":3,"2":6,"3":3,"4":37,"5":3},"f":{"0":6,"1":37},"b":{},"_coverageSchema":"1a1c01bbd47fc00a2c39e90264f33305004495a9","hash":"fdec709ddca2253d2d241fea5c963219ebee70cf"}
,"/home/sitiaisyah/Documents/Hacktiv8/Phase-3 Flex/Final Project/coclinic-server/middlewares/auth.js": {"path":"/home/sitiaisyah/Documents/Hacktiv8/Phase-3 Flex/Final Project/coclinic-server/middlewares/auth.js","statementMap":{"0":{"start":{"line":1,"column":24},"end":{"line":1,"column":44}},"1":{"start":{"line":2,"column":24},"end":{"line":2,"column":58}},"2":{"start":{"line":5,"column":23},"end":{"line":19,"column":1}},"3":{"start":{"line":6,"column":2},"end":{"line":17,"column":3}},"4":{"start":{"line":7,"column":19},"end":{"line":7,"column":56}},"5":{"start":{"line":8,"column":17},"end":{"line":8,"column":48}},"6":{"start":{"line":9,"column":4},"end":{"line":14,"column":5}},"7":{"start":{"line":10,"column":6},"end":{"line":10,"column":74}},"8":{"start":{"line":11,"column":6},"end":{"line":11,"column":12}},"9":{"start":{"line":13,"column":6},"end":{"line":13,"column":15}},"10":{"start":{"line":16,"column":4},"end":{"line":16,"column":13}},"11":{"start":{"line":21,"column":18},"end":{"line":23,"column":1}},"12":{"start":{"line":22,"column":2},"end":{"line":22,"column":109}},"13":{"start":{"line":25,"column":21},"end":{"line":27,"column":1}},"14":{"start":{"line":26,"column":2},"end":{"line":26,"column":112}},"15":{"start":{"line":29,"column":0},"end":{"line":29,"column":61}}},"fnMap":{"0":{"name":"(anonymous_0)","decl":{"start":{"line":5,"column":23},"end":{"line":5,"column":24}},"loc":{"start":{"line":5,"column":49},"end":{"line":19,"column":1}},"line":5},"1":{"name":"(anonymous_1)","decl":{"start":{"line":21,"column":18},"end":{"line":21,"column":19}},"loc":{"start":{"line":21,"column":38},"end":{"line":23,"column":1}},"line":21},"2":{"name":"(anonymous_2)","decl":{"start":{"line":25,"column":21},"end":{"line":25,"column":22}},"loc":{"start":{"line":25,"column":47},"end":{"line":27,"column":1}},"line":25}},"branchMap":{"0":{"loc":{"start":{"line":9,"column":4},"end":{"line":14,"column":5}},"type":"if","locations":[{"start":{"line":9,"column":4},"end":{"line":14,"column":5}},{"start":{"line":9,"column":4},"end":{"line":14,"column":5}}],"line":9},"1":{"loc":{"start":{"line":22,"column":2},"end":{"line":22,"column":109}},"type":"cond-expr","locations":[{"start":{"line":22,"column":52},"end":{"line":22,"column":58}},{"start":{"line":22,"column":61},"end":{"line":22,"column":109}}],"line":22},"2":{"loc":{"start":{"line":26,"column":2},"end":{"line":26,"column":112}},"type":"cond-expr","locations":[{"start":{"line":26,"column":55},"end":{"line":26,"column":61}},{"start":{"line":26,"column":64},"end":{"line":26,"column":112}}],"line":26}},"s":{"0":3,"1":3,"2":3,"3":37,"4":37,"5":29,"6":29,"7":29,"8":29,"9":0,"10":8,"11":3,"12":21,"13":3,"14":8,"15":3},"f":{"0":37,"1":21,"2":8},"b":{"0":[29,0],"1":[15,6],"2":[6,2]},"_coverageSchema":"1a1c01bbd47fc00a2c39e90264f33305004495a9","hash":"c86627c487d0910dbbeaca8f1cd9ed6442bb3899"}
,"/home/sitiaisyah/Documents/Hacktiv8/Phase-3 Flex/Final Project/coclinic-server/middlewares/errorHandler.js": {"path":"/home/sitiaisyah/Documents/Hacktiv8/Phase-3 Flex/Final Project/coclinic-server/middlewares/errorHandler.js","statementMap":{"0":{"start":{"line":2,"column":2},"end":{"line":2,"column":47}},"1":{"start":{"line":3,"column":19},"end":{"line":3,"column":22}},"2":{"start":{"line":4,"column":16},"end":{"line":4,"column":42}},"3":{"start":{"line":6,"column":2},"end":{"line":26,"column":3}},"4":{"start":{"line":8,"column":6},"end":{"line":8,"column":22}},"5":{"start":{"line":9,"column":6},"end":{"line":9,"column":48}},"6":{"start":{"line":9,"column":37},"end":{"line":9,"column":47}},"7":{"start":{"line":10,"column":6},"end":{"line":10,"column":12}},"8":{"start":{"line":12,"column":6},"end":{"line":12,"column":22}},"9":{"start":{"line":13,"column":6},"end":{"line":13,"column":68}},"10":{"start":{"line":13,"column":37},"end":{"line":13,"column":67}},"11":{"start":{"line":14,"column":6},"end":{"line":14,"column":12}},"12":{"start":{"line":17,"column":6},"end":{"line":20,"column":7}},"13":{"start":{"line":18,"column":8},"end":{"line":18,"column":24}},"14":{"start":{"line":19,"column":8},"end":{"line":19,"column":39}},"15":{"start":{"line":21,"column":6},"end":{"line":21,"column":12}},"16":{"start":{"line":23,"column":6},"end":{"line":23,"column":22}},"17":{"start":{"line":24,"column":6},"end":{"line":24,"column":59}},"18":{"start":{"line":25,"column":6},"end":{"line":25,"column":12}},"19":{"start":{"line":29,"column":2},"end":{"line":46,"column":3}},"20":{"start":{"line":31,"column":6},"end":{"line":31,"column":22}},"21":{"start":{"line":32,"column":6},"end":{"line":32,"column":30}},"22":{"start":{"line":33,"column":6},"end":{"line":33,"column":12}},"23":{"start":{"line":35,"column":6},"end":{"line":35,"column":22}},"24":{"start":{"line":36,"column":6},"end":{"line":36,"column":30}},"25":{"start":{"line":37,"column":6},"end":{"line":37,"column":12}},"26":{"start":{"line":39,"column":6},"end":{"line":39,"column":22}},"27":{"start":{"line":40,"column":6},"end":{"line":40,"column":30}},"28":{"start":{"line":41,"column":6},"end":{"line":41,"column":12}},"29":{"start":{"line":43,"column":6},"end":{"line":43,"column":22}},"30":{"start":{"line":44,"column":6},"end":{"line":44,"column":30}},"31":{"start":{"line":45,"column":6},"end":{"line":45,"column":12}},"32":{"start":{"line":48,"column":2},"end":{"line":48,"column":63}},"33":{"start":{"line":49,"column":2},"end":{"line":49,"column":62}},"34":{"start":{"line":53,"column":0},"end":{"line":53,"column":29}}},"fnMap":{"0":{"name":"errorHandler","decl":{"start":{"line":1,"column":9},"end":{"line":1,"column":21}},"loc":{"start":{"line":1,"column":43},"end":{"line":50,"column":1}},"line":1},"1":{"name":"(anonymous_1)","decl":{"start":{"line":9,"column":31},"end":{"line":9,"column":32}},"loc":{"start":{"line":9,"column":37},"end":{"line":9,"column":47}},"line":9},"2":{"name":"(anonymous_2)","decl":{"start":{"line":13,"column":31},"end":{"line":13,"column":32}},"loc":{"start":{"line":13,"column":37},"end":{"line":13,"column":67}},"line":13}},"branchMap":{"0":{"loc":{"start":{"line":6,"column":2},"end":{"line":26,"column":3}},"type":"switch","locations":[{"start":{"line":7,"column":4},"end":{"line":10,"column":12}},{"start":{"line":11,"column":4},"end":{"line":14,"column":12}},{"start":{"line":15,"column":4},"end":{"line":21,"column":12}},{"start":{"line":22,"column":4},"end":{"line":25,"column":12}}],"line":6},"1":{"loc":{"start":{"line":17,"column":6},"end":{"line":20,"column":7}},"type":"if","locations":[{"start":{"line":17,"column":6},"end":{"line":20,"column":7}},{"start":{"line":17,"column":6},"end":{"line":20,"column":7}}],"line":17},"2":{"loc":{"start":{"line":29,"column":2},"end":{"line":46,"column":3}},"type":"switch","locations":[{"start":{"line":30,"column":4},"end":{"line":33,"column":12}},{"start":{"line":34,"column":4},"end":{"line":37,"column":12}},{"start":{"line":38,"column":4},"end":{"line":41,"column":12}},{"start":{"line":42,"column":4},"end":{"line":45,"column":12}}],"line":29}},"s":{"0":55,"1":55,"2":55,"3":55,"4":29,"5":29,"6":35,"7":29,"8":1,"9":1,"10":1,"11":1,"12":0,"13":0,"14":0,"15":0,"16":8,"17":8,"18":8,"19":55,"20":4,"21":4,"22":4,"23":8,"24":8,"25":8,"26":3,"27":3,"28":3,"29":2,"30":2,"31":2,"32":55,"33":55,"34":3},"f":{"0":55,"1":35,"2":1},"b":{"0":[29,1,0,8],"1":[0,0],"2":[4,8,3,2]},"_coverageSchema":"1a1c01bbd47fc00a2c39e90264f33305004495a9","hash":"3b63ea961272cbd6b5f11f38ad597e3dc9fcaca9"}
,"/home/sitiaisyah/Documents/Hacktiv8/Phase-3 Flex/Final Project/coclinic-server/models/index.js": {"path":"/home/sitiaisyah/Documents/Hacktiv8/Phase-3 Flex/Final Project/coclinic-server/models/index.js","statementMap":{"0":{"start":{"line":3,"column":11},"end":{"line":3,"column":24}},"1":{"start":{"line":4,"column":13},"end":{"line":4,"column":28}},"2":{"start":{"line":5,"column":18},"end":{"line":5,"column":38}},"3":{"start":{"line":6,"column":17},"end":{"line":6,"column":42}},"4":{"start":{"line":7,"column":12},"end":{"line":7,"column":49}},"5":{"start":{"line":8,"column":15},"end":{"line":8,"column":63}},"6":{"start":{"line":9,"column":11},"end":{"line":9,"column":13}},"7":{"start":{"line":12,"column":0},"end":{"line":16,"column":1}},"8":{"start":{"line":13,"column":2},"end":{"line":13,"column":74}},"9":{"start":{"line":15,"column":2},"end":{"line":15,"column":87}},"10":{"start":{"line":18,"column":0},"end":{"line":26,"column":5}},"11":{"start":{"line":21,"column":4},"end":{"line":21,"column":90}},"12":{"start":{"line":24,"column":18},"end":{"line":24,"column":85}},"13":{"start":{"line":25,"column":4},"end":{"line":25,"column":27}},"14":{"start":{"line":28,"column":0},"end":{"line":32,"column":3}},"15":{"start":{"line":29,"column":2},"end":{"line":31,"column":3}},"16":{"start":{"line":30,"column":4},"end":{"line":30,"column":32}},"17":{"start":{"line":34,"column":0},"end":{"line":34,"column":25}},"18":{"start":{"line":35,"column":0},"end":{"line":35,"column":25}},"19":{"start":{"line":37,"column":0},"end":{"line":37,"column":20}}},"fnMap":{"0":{"name":"(anonymous_0)","decl":{"start":{"line":20,"column":10},"end":{"line":20,"column":11}},"loc":{"start":{"line":20,"column":18},"end":{"line":22,"column":3}},"line":20},"1":{"name":"(anonymous_1)","decl":{"start":{"line":23,"column":11},"end":{"line":23,"column":12}},"loc":{"start":{"line":23,"column":19},"end":{"line":26,"column":3}},"line":23},"2":{"name":"(anonymous_2)","decl":{"start":{"line":28,"column":24},"end":{"line":28,"column":25}},"loc":{"start":{"line":28,"column":37},"end":{"line":32,"column":1}},"line":28}},"branchMap":{"0":{"loc":{"start":{"line":7,"column":12},"end":{"line":7,"column":49}},"type":"binary-expr","locations":[{"start":{"line":7,"column":12},"end":{"line":7,"column":32}},{"start":{"line":7,"column":36},"end":{"line":7,"column":49}}],"line":7},"1":{"loc":{"start":{"line":12,"column":0},"end":{"line":16,"column":1}},"type":"if","locations":[{"start":{"line":12,"column":0},"end":{"line":16,"column":1}},{"start":{"line":12,"column":0},"end":{"line":16,"column":1}}],"line":12},"2":{"loc":{"start":{"line":21,"column":11},"end":{"line":21,"column":89}},"type":"binary-expr","locations":[{"start":{"line":21,"column":12},"end":{"line":21,"column":35}},{"start":{"line":21,"column":41},"end":{"line":21,"column":58}},{"start":{"line":21,"column":64},"end":{"line":21,"column":88}}],"line":21},"3":{"loc":{"start":{"line":29,"column":2},"end":{"line":31,"column":3}},"type":"if","locations":[{"start":{"line":29,"column":2},"end":{"line":31,"column":3}},{"start":{"line":29,"column":2},"end":{"line":31,"column":3}}],"line":29}},"s":{"0":3,"1":3,"2":3,"3":3,"4":3,"5":3,"6":3,"7":3,"8":0,"9":3,"10":3,"11":15,"12":12,"13":12,"14":3,"15":12,"16":12,"17":3,"18":3,"19":3},"f":{"0":15,"1":12,"2":12},"b":{"0":[3,0],"1":[0,3],"2":[15,15,12],"3":[12,0]},"_coverageSchema":"1a1c01bbd47fc00a2c39e90264f33305004495a9","hash":"d3c8cbbe10cb44974eb56864dad8e42a3028842d"}
,"/home/sitiaisyah/Documents/Hacktiv8/Phase-3 Flex/Final Project/coclinic-server/models/live_tracking.js": {"path":"/home/sitiaisyah/Documents/Hacktiv8/Phase-3 Flex/Final Project/coclinic-server/models/live_tracking.js","statementMap":{"0":{"start":{"line":2,"column":18},"end":{"line":2,"column":38}},"1":{"start":{"line":3,"column":0},"end":{"line":66,"column":2}},"2":{"start":{"line":12,"column":3},"end":{"line":12,"column":41}},"3":{"start":{"line":15,"column":1},"end":{"line":64,"column":3}},"4":{"start":{"line":65,"column":1},"end":{"line":65,"column":22}}},"fnMap":{"0":{"name":"(anonymous_0)","decl":{"start":{"line":3,"column":17},"end":{"line":3,"column":18}},"loc":{"start":{"line":3,"column":43},"end":{"line":66,"column":1}},"line":3},"1":{"name":"(anonymous_1)","decl":{"start":{"line":10,"column":2},"end":{"line":10,"column":3}},"loc":{"start":{"line":10,"column":27},"end":{"line":13,"column":3}},"line":10}},"branchMap":{},"s":{"0":3,"1":3,"2":3,"3":3,"4":3},"f":{"0":3,"1":3},"b":{},"_coverageSchema":"1a1c01bbd47fc00a2c39e90264f33305004495a9","hash":"a834cb698500791f4a1ed19a32a8642b5dc1e563"}
,"/home/sitiaisyah/Documents/Hacktiv8/Phase-3 Flex/Final Project/coclinic-server/models/location_log.js": {"path":"/home/sitiaisyah/Documents/Hacktiv8/Phase-3 Flex/Final Project/coclinic-server/models/location_log.js","statementMap":{"0":{"start":{"line":4,"column":4},"end":{"line":4,"column":24}},"1":{"start":{"line":5,"column":0},"end":{"line":65,"column":2}},"2":{"start":{"line":14,"column":6},"end":{"line":14,"column":42}},"3":{"start":{"line":17,"column":2},"end":{"line":63,"column":5}},"4":{"start":{"line":64,"column":2},"end":{"line":64,"column":22}}},"fnMap":{"0":{"name":"(anonymous_0)","decl":{"start":{"line":5,"column":17},"end":{"line":5,"column":18}},"loc":{"start":{"line":5,"column":43},"end":{"line":65,"column":1}},"line":5},"1":{"name":"(anonymous_1)","decl":{"start":{"line":12,"column":4},"end":{"line":12,"column":5}},"loc":{"start":{"line":12,"column":29},"end":{"line":15,"column":5}},"line":12}},"branchMap":{},"s":{"0":3,"1":3,"2":3,"3":3,"4":3},"f":{"0":3,"1":3},"b":{},"_coverageSchema":"1a1c01bbd47fc00a2c39e90264f33305004495a9","hash":"f5fff0bbf5b5df1d0e3de05d5b861b84b433ba71"}
,"/home/sitiaisyah/Documents/Hacktiv8/Phase-3 Flex/Final Project/coclinic-server/models/order.js": {"path":"/home/sitiaisyah/Documents/Hacktiv8/Phase-3 Flex/Final Project/coclinic-server/models/order.js","statementMap":{"0":{"start":{"line":2,"column":18},"end":{"line":2,"column":38}},"1":{"start":{"line":3,"column":0},"end":{"line":99,"column":2}},"2":{"start":{"line":12,"column":3},"end":{"line":12,"column":32}},"3":{"start":{"line":13,"column":3},"end":{"line":13,"column":38}},"4":{"start":{"line":14,"column":3},"end":{"line":14,"column":38}},"5":{"start":{"line":17,"column":1},"end":{"line":97,"column":3}},"6":{"start":{"line":88,"column":5},"end":{"line":88,"column":69}},"7":{"start":{"line":88,"column":32},"end":{"line":88,"column":69}},"8":{"start":{"line":89,"column":5},"end":{"line":89,"column":51}},"9":{"start":{"line":89,"column":27},"end":{"line":89,"column":51}},"10":{"start":{"line":90,"column":5},"end":{"line":90,"column":60}},"11":{"start":{"line":90,"column":29},"end":{"line":90,"column":60}},"12":{"start":{"line":91,"column":5},"end":{"line":91,"column":17}},"13":{"start":{"line":98,"column":1},"end":{"line":98,"column":14}}},"fnMap":{"0":{"name":"(anonymous_0)","decl":{"start":{"line":3,"column":17},"end":{"line":3,"column":18}},"loc":{"start":{"line":3,"column":43},"end":{"line":99,"column":1}},"line":3},"1":{"name":"(anonymous_1)","decl":{"start":{"line":10,"column":2},"end":{"line":10,"column":3}},"loc":{"start":{"line":10,"column":27},"end":{"line":15,"column":3}},"line":10},"2":{"name":"(anonymous_2)","decl":{"start":{"line":87,"column":18},"end":{"line":87,"column":19}},"loc":{"start":{"line":87,"column":29},"end":{"line":92,"column":5}},"line":87}},"branchMap":{"0":{"loc":{"start":{"line":88,"column":5},"end":{"line":88,"column":69}},"type":"if","locations":[{"start":{"line":88,"column":5},"end":{"line":88,"column":69}},{"start":{"line":88,"column":5},"end":{"line":88,"column":69}}],"line":88},"1":{"loc":{"start":{"line":89,"column":5},"end":{"line":89,"column":51}},"type":"if","locations":[{"start":{"line":89,"column":5},"end":{"line":89,"column":51}},{"start":{"line":89,"column":5},"end":{"line":89,"column":51}}],"line":89},"2":{"loc":{"start":{"line":90,"column":5},"end":{"line":90,"column":60}},"type":"if","locations":[{"start":{"line":90,"column":5},"end":{"line":90,"column":60}},{"start":{"line":90,"column":5},"end":{"line":90,"column":60}}],"line":90}},"s":{"0":3,"1":3,"2":3,"3":3,"4":3,"5":3,"6":2,"7":1,"8":2,"9":0,"10":2,"11":0,"12":2,"13":3},"f":{"0":3,"1":3,"2":2},"b":{"0":[1,1],"1":[0,2],"2":[0,2]},"_coverageSchema":"1a1c01bbd47fc00a2c39e90264f33305004495a9","hash":"2ec82377e01e14fa5e03866f80b41787f90c850a"}
,"/home/sitiaisyah/Documents/Hacktiv8/Phase-3 Flex/Final Project/coclinic-server/models/user.js": {"path":"/home/sitiaisyah/Documents/Hacktiv8/Phase-3 Flex/Final Project/coclinic-server/models/user.js","statementMap":{"0":{"start":{"line":3,"column":25},"end":{"line":3,"column":63}},"1":{"start":{"line":7,"column":4},"end":{"line":7,"column":24}},"2":{"start":{"line":8,"column":0},"end":{"line":176,"column":2}},"3":{"start":{"line":17,"column":6},"end":{"line":17,"column":32}},"4":{"start":{"line":20,"column":2},"end":{"line":174,"column":5}},"5":{"start":{"line":169,"column":8},"end":{"line":169,"column":51}},"6":{"start":{"line":175,"column":2},"end":{"line":175,"column":14}}},"fnMap":{"0":{"name":"(anonymous_0)","decl":{"start":{"line":8,"column":17},"end":{"line":8,"column":18}},"loc":{"start":{"line":8,"column":43},"end":{"line":176,"column":1}},"line":8},"1":{"name":"(anonymous_1)","decl":{"start":{"line":15,"column":4},"end":{"line":15,"column":5}},"loc":{"start":{"line":15,"column":29},"end":{"line":18,"column":5}},"line":15},"2":{"name":"(anonymous_2)","decl":{"start":{"line":168,"column":20},"end":{"line":168,"column":21}},"loc":{"start":{"line":168,"column":30},"end":{"line":170,"column":7}},"line":168}},"branchMap":{},"s":{"0":3,"1":3,"2":3,"3":3,"4":3,"5":4,"6":3},"f":{"0":3,"1":3,"2":4},"b":{},"_coverageSchema":"1a1c01bbd47fc00a2c39e90264f33305004495a9","hash":"dd060d60a843d199c364a31ce08a3ee92070de1a"}
,"/home/sitiaisyah/Documents/Hacktiv8/Phase-3 Flex/Final Project/coclinic-server/routes/index.js": {"path":"/home/sitiaisyah/Documents/Hacktiv8/Phase-3 Flex/Final Project/coclinic-server/routes/index.js","statementMap":{"0":{"start":{"line":1,"column":15},"end":{"line":1,"column":42}},"1":{"start":{"line":2,"column":19},"end":{"line":2,"column":37}},"2":{"start":{"line":3,"column":20},"end":{"line":3,"column":39}},"3":{"start":{"line":4,"column":23},"end":{"line":4,"column":48}},"4":{"start":{"line":7,"column":0},"end":{"line":7,"column":27}},"5":{"start":{"line":8,"column":0},"end":{"line":8,"column":34}},"6":{"start":{"line":9,"column":0},"end":{"line":9,"column":39}},"7":{"start":{"line":12,"column":0},"end":{"line":12,"column":23}}},"fnMap":{},"branchMap":{},"s":{"0":3,"1":3,"2":3,"3":3,"4":3,"5":3,"6":3,"7":3},"f":{},"b":{},"_coverageSchema":"1a1c01bbd47fc00a2c39e90264f33305004495a9","hash":"1e9b0b44bc16443205f4607fd5fa2c3fcf0850e8"}
,"/home/sitiaisyah/Documents/Hacktiv8/Phase-3 Flex/Final Project/coclinic-server/routes/liveTracking.js": {"path":"/home/sitiaisyah/Documents/Hacktiv8/Phase-3 Flex/Final Project/coclinic-server/routes/liveTracking.js","statementMap":{"0":{"start":{"line":1,"column":15},"end":{"line":1,"column":42}},"1":{"start":{"line":2,"column":31},"end":{"line":2,"column":79}},"2":{"start":{"line":3,"column":22},"end":{"line":3,"column":52}},"3":{"start":{"line":4,"column":27},"end":{"line":4,"column":57}},"4":{"start":{"line":6,"column":0},"end":{"line":6,"column":26}},"5":{"start":{"line":7,"column":0},"end":{"line":7,"column":60}},"6":{"start":{"line":8,"column":0},"end":{"line":8,"column":60}},"7":{"start":{"line":11,"column":0},"end":{"line":11,"column":23}}},"fnMap":{},"branchMap":{},"s":{"0":3,"1":3,"2":3,"3":3,"4":3,"5":3,"6":3,"7":3},"f":{},"b":{},"_coverageSchema":"1a1c01bbd47fc00a2c39e90264f33305004495a9","hash":"d8f5f8b156931bf0793cb88ecfc7ed409806722e"}
,"/home/sitiaisyah/Documents/Hacktiv8/Phase-3 Flex/Final Project/coclinic-server/routes/orders.js": {"path":"/home/sitiaisyah/Documents/Hacktiv8/Phase-3 Flex/Final Project/coclinic-server/routes/orders.js","statementMap":{"0":{"start":{"line":1,"column":15},"end":{"line":1,"column":42}},"1":{"start":{"line":2,"column":24},"end":{"line":2,"column":65}},"2":{"start":{"line":3,"column":52},"end":{"line":3,"column":82}},"3":{"start":{"line":6,"column":0},"end":{"line":6,"column":26}},"4":{"start":{"line":7,"column":0},"end":{"line":7,"column":52}},"5":{"start":{"line":8,"column":0},"end":{"line":8,"column":76}},"6":{"start":{"line":9,"column":0},"end":{"line":9,"column":66}},"7":{"start":{"line":10,"column":0},"end":{"line":10,"column":66}},"8":{"start":{"line":11,"column":0},"end":{"line":11,"column":63}},"9":{"start":{"line":12,"column":0},"end":{"line":12,"column":57}},"10":{"start":{"line":14,"column":0},"end":{"line":14,"column":24}}},"fnMap":{},"branchMap":{},"s":{"0":3,"1":3,"2":3,"3":3,"4":3,"5":3,"6":3,"7":3,"8":3,"9":3,"10":3},"f":{},"b":{},"_coverageSchema":"1a1c01bbd47fc00a2c39e90264f33305004495a9","hash":"5a09189520c846bf4be919d63bdcbe609c9ec30e"}
,"/home/sitiaisyah/Documents/Hacktiv8/Phase-3 Flex/Final Project/coclinic-server/routes/users.js": {"path":"/home/sitiaisyah/Documents/Hacktiv8/Phase-3 Flex/Final Project/coclinic-server/routes/users.js","statementMap":{"0":{"start":{"line":1,"column":15},"end":{"line":1,"column":42}},"1":{"start":{"line":2,"column":23},"end":{"line":2,"column":63}},"2":{"start":{"line":4,"column":0},"end":{"line":4,"column":49}},"3":{"start":{"line":5,"column":0},"end":{"line":5,"column":43}},"4":{"start":{"line":7,"column":0},"end":{"line":7,"column":23}}},"fnMap":{},"branchMap":{},"s":{"0":3,"1":3,"2":3,"3":3,"4":3},"f":{},"b":{},"_coverageSchema":"1a1c01bbd47fc00a2c39e90264f33305004495a9","hash":"a28a8036a999e01a7d739d651b35ef3f73ab6e38"}
}
