{"/home/sitiaisyah/Documents/Hacktiv8/Phase-3 Flex/Final Project/coclinic-server/app.js": {"path":"/home/sitiaisyah/Documents/Hacktiv8/Phase-3 Flex/Final Project/coclinic-server/app.js","statementMap":{"0":{"start":{"line":1,"column":13},"end":{"line":1,"column":28}},"1":{"start":{"line":2,"column":16},"end":{"line":2,"column":34}},"2":{"start":{"line":3,"column":12},"end":{"line":3,"column":21}},"3":{"start":{"line":4,"column":15},"end":{"line":4,"column":34}},"4":{"start":{"line":5,"column":21},"end":{"line":5,"column":58}},"5":{"start":{"line":13,"column":0},"end":{"line":13,"column":16}},"6":{"start":{"line":14,"column":0},"end":{"line":14,"column":24}},"7":{"start":{"line":15,"column":0},"end":{"line":15,"column":48}},"8":{"start":{"line":16,"column":0},"end":{"line":16,"column":16}},"9":{"start":{"line":17,"column":0},"end":{"line":17,"column":22}},"10":{"start":{"line":20,"column":0},"end":{"line":20,"column":20}}},"fnMap":{},"branchMap":{},"s":{"0":5,"1":5,"2":5,"3":5,"4":5,"5":5,"6":5,"7":5,"8":5,"9":5,"10":5},"f":{},"b":{},"_coverageSchema":"1a1c01bbd47fc00a2c39e90264f33305004495a9","hash":"d6ec198dee52a8e47316ca366270da3c9e501be0"}
,"/home/sitiaisyah/Documents/Hacktiv8/Phase-3 Flex/Final Project/coclinic-server/config/config.js": {"path":"/home/sitiaisyah/Documents/Hacktiv8/Phase-3 Flex/Final Project/coclinic-server/config/config.js","statementMap":{"0":{"start":{"line":1,"column":12},"end":{"line":1,"column":32}},"1":{"start":{"line":8,"column":16},"end":{"line":8,"column":33}},"2":{"start":{"line":10,"column":17},"end":{"line":10,"column":54}},"3":{"start":{"line":11,"column":17},"end":{"line":11,"column":54}},"4":{"start":{"line":12,"column":17},"end":{"line":12,"column":50}},"5":{"start":{"line":13,"column":13},"end":{"line":13,"column":46}},"6":{"start":{"line":14,"column":16},"end":{"line":14,"column":52}},"7":{"start":{"line":16,"column":0},"end":{"line":40,"column":1}}},"fnMap":{},"branchMap":{},"s":{"0":5,"1":5,"2":5,"3":5,"4":5,"5":5,"6":5,"7":5},"f":{},"b":{},"_coverageSchema":"1a1c01bbd47fc00a2c39e90264f33305004495a9","hash":"d1700c67e2c922562cc3e30235139fea35873b83"}
,"/home/sitiaisyah/Documents/Hacktiv8/Phase-3 Flex/Final Project/coclinic-server/controllers/CertificateController.js": {"path":"/home/sitiaisyah/Documents/Hacktiv8/Phase-3 Flex/Final Project/coclinic-server/controllers/CertificateController.js","statementMap":{"0":{"start":{"line":1,"column":24},"end":{"line":1,"column":44}},"1":{"start":{"line":2,"column":17},"end":{"line":2,"column":37}},"2":{"start":{"line":200,"column":0},"end":{"line":200,"column":39}}},"fnMap":{},"branchMap":{},"s":{"0":5,"1":5,"2":5},"f":{},"b":{},"_coverageSchema":"1a1c01bbd47fc00a2c39e90264f33305004495a9","hash":"87617f64978f51cfff127baecaeb323052a987aa"}
,"/home/sitiaisyah/Documents/Hacktiv8/Phase-3 Flex/Final Project/coclinic-server/controllers/LiveTrackingController.js": {"path":"/home/sitiaisyah/Documents/Hacktiv8/Phase-3 Flex/Final Project/coclinic-server/controllers/LiveTrackingController.js","statementMap":{"0":{"start":{"line":1,"column":53},"end":{"line":1,"column":73}},"1":{"start":{"line":4,"column":12},"end":{"line":4,"column":16}},"2":{"start":{"line":5,"column":15},"end":{"line":5,"column":58}},"3":{"start":{"line":6,"column":15},"end":{"line":6,"column":58}},"4":{"start":{"line":7,"column":10},"end":{"line":9,"column":43}},"5":{"start":{"line":10,"column":10},"end":{"line":10,"column":56}},"6":{"start":{"line":11,"column":10},"end":{"line":11,"column":15}},"7":{"start":{"line":12,"column":2},"end":{"line":12,"column":18}},"8":{"start":{"line":18,"column":4},"end":{"line":75,"column":5}},"9":{"start":{"line":19,"column":17},"end":{"line":19,"column":31}},"10":{"start":{"line":20,"column":38},"end":{"line":20,"column":46}},"11":{"start":{"line":21,"column":23},"end":{"line":35,"column":8}},"12":{"start":{"line":37,"column":6},"end":{"line":71,"column":7}},"13":{"start":{"line":38,"column":22},"end":{"line":38,"column":50}},"14":{"start":{"line":39,"column":23},"end":{"line":39,"column":52}},"15":{"start":{"line":40,"column":28},"end":{"line":40,"column":75}},"16":{"start":{"line":42,"column":8},"end":{"line":67,"column":9}},"17":{"start":{"line":43,"column":34},"end":{"line":49,"column":12}},"18":{"start":{"line":50,"column":10},"end":{"line":62,"column":11}},"19":{"start":{"line":51,"column":12},"end":{"line":51,"column":83}},"20":{"start":{"line":53,"column":81},"end":{"line":53,"column":99}},"21":{"start":{"line":55,"column":46},"end":{"line":55,"column":111}},"22":{"start":{"line":63,"column":10},"end":{"line":63,"column":38}},"23":{"start":{"line":64,"column":10},"end":{"line":64,"column":40}},"24":{"start":{"line":65,"column":10},"end":{"line":65,"column":31}},"25":{"start":{"line":66,"column":10},"end":{"line":66,"column":96}},"26":{"start":{"line":70,"column":8},"end":{"line":70,"column":43}},"27":{"start":{"line":79,"column":19},"end":{"line":79,"column":29}},"28":{"start":{"line":81,"column":4},"end":{"line":106,"column":5}},"29":{"start":{"line":82,"column":23},"end":{"line":96,"column":8}},"30":{"start":{"line":97,"column":6},"end":{"line":102,"column":7}},"31":{"start":{"line":98,"column":8},"end":{"line":98,"column":67}},"32":{"start":{"line":99,"column":8},"end":{"line":99,"column":14}},"33":{"start":{"line":101,"column":8},"end":{"line":101,"column":43}},"34":{"start":{"line":112,"column":0},"end":{"line":112,"column":39}}},"fnMap":{"0":{"name":"measure","decl":{"start":{"line":3,"column":9},"end":{"line":3,"column":16}},"loc":{"start":{"line":3,"column":41},"end":{"line":13,"column":1}},"line":3},"1":{"name":"(anonymous_1)","decl":{"start":{"line":17,"column":2},"end":{"line":17,"column":3}},"loc":{"start":{"line":17,"column":38},"end":{"line":76,"column":3}},"line":17},"2":{"name":"(anonymous_2)","decl":{"start":{"line":78,"column":2},"end":{"line":78,"column":3}},"loc":{"start":{"line":78,"column":38},"end":{"line":107,"column":3}},"line":78}},"branchMap":{"0":{"loc":{"start":{"line":37,"column":6},"end":{"line":71,"column":7}},"type":"if","locations":[{"start":{"line":37,"column":6},"end":{"line":71,"column":7}},{"start":{"line":37,"column":6},"end":{"line":71,"column":7}}],"line":37},"1":{"loc":{"start":{"line":42,"column":8},"end":{"line":67,"column":9}},"type":"if","locations":[{"start":{"line":42,"column":8},"end":{"line":67,"column":9}},{"start":{"line":42,"column":8},"end":{"line":67,"column":9}}],"line":42},"2":{"loc":{"start":{"line":50,"column":10},"end":{"line":62,"column":11}},"type":"if","locations":[{"start":{"line":50,"column":10},"end":{"line":62,"column":11}},{"start":{"line":50,"column":10},"end":{"line":62,"column":11}}],"line":50},"3":{"loc":{"start":{"line":97,"column":6},"end":{"line":102,"column":7}},"type":"if","locations":[{"start":{"line":97,"column":6},"end":{"line":102,"column":7}},{"start":{"line":97,"column":6},"end":{"line":102,"column":7}}],"line":97}},"s":{"0":5,"1":2,"2":2,"3":2,"4":2,"5":2,"6":2,"7":2,"8":2,"9":2,"10":2,"11":2,"12":2,"13":1,"14":1,"15":1,"16":1,"17":1,"18":1,"19":0,"20":1,"21":1,"22":1,"23":1,"24":1,"25":1,"26":1,"27":2,"28":2,"29":2,"30":2,"31":1,"32":1,"33":1,"34":5},"f":{"0":2,"1":2,"2":2},"b":{"0":[1,1],"1":[1,0],"2":[0,1],"3":[1,1]},"_coverageSchema":"1a1c01bbd47fc00a2c39e90264f33305004495a9","hash":"a76de8bc86ca6ee45d45379f28f909fb53d91748"}
,"/home/sitiaisyah/Documents/Hacktiv8/Phase-3 Flex/Final Project/coclinic-server/controllers/LocationLogController.js": {"path":"/home/sitiaisyah/Documents/Hacktiv8/Phase-3 Flex/Final Project/coclinic-server/controllers/LocationLogController.js","statementMap":{"0":{"start":{"line":1,"column":38},"end":{"line":1,"column":58}},"1":{"start":{"line":5,"column":2},"end":{"line":26,"column":3}},"2":{"start":{"line":6,"column":25},"end":{"line":21,"column":5}},"3":{"start":{"line":22,"column":3},"end":{"line":22,"column":67}},"4":{"start":{"line":31,"column":0},"end":{"line":31,"column":38}}},"fnMap":{"0":{"name":"(anonymous_0)","decl":{"start":{"line":4,"column":2},"end":{"line":4,"column":3}},"loc":{"start":{"line":4,"column":49},"end":{"line":27,"column":2}},"line":4}},"branchMap":{},"s":{"0":5,"1":1,"2":1,"3":1,"4":5},"f":{"0":1},"b":{},"_coverageSchema":"1a1c01bbd47fc00a2c39e90264f33305004495a9","hash":"2cd5235f2e327d18b0457f1da031044b859c59ea"}
,"/home/sitiaisyah/Documents/Hacktiv8/Phase-3 Flex/Final Project/coclinic-server/controllers/MidtransController.js": {"path":"/home/sitiaisyah/Documents/Hacktiv8/Phase-3 Flex/Final Project/coclinic-server/controllers/MidtransController.js","statementMap":{"0":{"start":{"line":1,"column":13},"end":{"line":1,"column":48}},"1":{"start":{"line":2,"column":31},"end":{"line":2,"column":51}},"2":{"start":{"line":6,"column":4},"end":{"line":46,"column":5}},"3":{"start":{"line":7,"column":20},"end":{"line":7,"column":33}},"4":{"start":{"line":8,"column":24},"end":{"line":23,"column":7}},"5":{"start":{"line":26,"column":26},"end":{"line":26,"column":56}},"6":{"start":{"line":27,"column":6},"end":{"line":32,"column":7}},"7":{"start":{"line":28,"column":28},"end":{"line":28,"column":67}},"8":{"start":{"line":29,"column":8},"end":{"line":29,"column":41}},"9":{"start":{"line":31,"column":8},"end":{"line":31,"column":40}},"10":{"start":{"line":100,"column":0},"end":{"line":100,"column":34}}},"fnMap":{"0":{"name":"(anonymous_0)","decl":{"start":{"line":5,"column":2},"end":{"line":5,"column":3}},"loc":{"start":{"line":5,"column":49},"end":{"line":47,"column":3}},"line":5}},"branchMap":{"0":{"loc":{"start":{"line":27,"column":6},"end":{"line":32,"column":7}},"type":"if","locations":[{"start":{"line":27,"column":6},"end":{"line":32,"column":7}},{"start":{"line":27,"column":6},"end":{"line":32,"column":7}}],"line":27}},"s":{"0":5,"1":5,"2":2,"3":2,"4":2,"5":2,"6":2,"7":1,"8":1,"9":1,"10":5},"f":{"0":2},"b":{"0":[1,1]},"_coverageSchema":"1a1c01bbd47fc00a2c39e90264f33305004495a9","hash":"8a33bf911327c83007ffeeb6459e039f3014038e"}
,"/home/sitiaisyah/Documents/Hacktiv8/Phase-3 Flex/Final Project/coclinic-server/controllers/OrderController.js": {"path":"/home/sitiaisyah/Documents/Hacktiv8/Phase-3 Flex/Final Project/coclinic-server/controllers/OrderController.js","statementMap":{"0":{"start":{"line":1,"column":53},"end":{"line":1,"column":73}},"1":{"start":{"line":5,"column":2},"end":{"line":22,"column":3}},"2":{"start":{"line":6,"column":25},"end":{"line":6,"column":33}},"3":{"start":{"line":7,"column":26},"end":{"line":7,"column":39}},"4":{"start":{"line":8,"column":23},"end":{"line":8,"column":33}},"5":{"start":{"line":9,"column":21},"end":{"line":9,"column":26}},"6":{"start":{"line":10,"column":20},"end":{"line":17,"column":4}},"7":{"start":{"line":18,"column":17},"end":{"line":18,"column":45}},"8":{"start":{"line":19,"column":3},"end":{"line":19,"column":87}},"9":{"start":{"line":21,"column":3},"end":{"line":21,"column":14}},"10":{"start":{"line":26,"column":2},"end":{"line":45,"column":3}},"11":{"start":{"line":27,"column":18},"end":{"line":40,"column":5}},"12":{"start":{"line":41,"column":3},"end":{"line":41,"column":60}},"13":{"start":{"line":48,"column":2},"end":{"line":66,"column":3}},"14":{"start":{"line":49,"column":18},"end":{"line":61,"column":5}},"15":{"start":{"line":62,"column":3},"end":{"line":62,"column":60}},"16":{"start":{"line":69,"column":2},"end":{"line":88,"column":3}},"17":{"start":{"line":70,"column":18},"end":{"line":83,"column":5}},"18":{"start":{"line":84,"column":3},"end":{"line":84,"column":60}},"19":{"start":{"line":91,"column":2},"end":{"line":112,"column":3}},"20":{"start":{"line":92,"column":18},"end":{"line":92,"column":28}},"21":{"start":{"line":93,"column":17},"end":{"line":103,"column":5}},"22":{"start":{"line":104,"column":3},"end":{"line":108,"column":4}},"23":{"start":{"line":105,"column":4},"end":{"line":105,"column":60}},"24":{"start":{"line":107,"column":4},"end":{"line":107,"column":36}},"25":{"start":{"line":115,"column":2},"end":{"line":132,"column":3}},"26":{"start":{"line":116,"column":18},"end":{"line":116,"column":28}},"27":{"start":{"line":117,"column":27},"end":{"line":117,"column":35}},"28":{"start":{"line":118,"column":17},"end":{"line":118,"column":41}},"29":{"start":{"line":119,"column":3},"end":{"line":129,"column":4}},"30":{"start":{"line":120,"column":4},"end":{"line":122,"column":5}},"31":{"start":{"line":121,"column":5},"end":{"line":121,"column":75}},"32":{"start":{"line":124,"column":4},"end":{"line":124,"column":36}},"33":{"start":{"line":125,"column":4},"end":{"line":125,"column":16}},"34":{"start":{"line":126,"column":4},"end":{"line":126,"column":82}},"35":{"start":{"line":128,"column":4},"end":{"line":128,"column":36}},"36":{"start":{"line":131,"column":3},"end":{"line":131,"column":14}},"37":{"start":{"line":136,"column":2},"end":{"line":148,"column":3}},"38":{"start":{"line":137,"column":18},"end":{"line":137,"column":28}},"39":{"start":{"line":138,"column":17},"end":{"line":138,"column":41}},"40":{"start":{"line":139,"column":3},"end":{"line":145,"column":4}},"41":{"start":{"line":140,"column":4},"end":{"line":140,"column":25}},"42":{"start":{"line":141,"column":4},"end":{"line":141,"column":82}},"43":{"start":{"line":147,"column":3},"end":{"line":147,"column":14}},"44":{"start":{"line":152,"column":0},"end":{"line":152,"column":33}}},"fnMap":{"0":{"name":"(anonymous_0)","decl":{"start":{"line":4,"column":1},"end":{"line":4,"column":2}},"loc":{"start":{"line":4,"column":34},"end":{"line":23,"column":2}},"line":4},"1":{"name":"(anonymous_1)","decl":{"start":{"line":25,"column":1},"end":{"line":25,"column":2}},"loc":{"start":{"line":25,"column":50},"end":{"line":46,"column":2}},"line":25},"2":{"name":"(anonymous_2)","decl":{"start":{"line":47,"column":1},"end":{"line":47,"column":2}},"loc":{"start":{"line":47,"column":47},"end":{"line":67,"column":2}},"line":47},"3":{"name":"(anonymous_3)","decl":{"start":{"line":68,"column":1},"end":{"line":68,"column":2}},"loc":{"start":{"line":68,"column":51},"end":{"line":89,"column":2}},"line":68},"4":{"name":"(anonymous_4)","decl":{"start":{"line":90,"column":1},"end":{"line":90,"column":2}},"loc":{"start":{"line":90,"column":49},"end":{"line":113,"column":2}},"line":90},"5":{"name":"(anonymous_5)","decl":{"start":{"line":114,"column":1},"end":{"line":114,"column":2}},"loc":{"start":{"line":114,"column":46},"end":{"line":134,"column":2}},"line":114},"6":{"name":"(anonymous_6)","decl":{"start":{"line":135,"column":1},"end":{"line":135,"column":2}},"loc":{"start":{"line":135,"column":37},"end":{"line":149,"column":2}},"line":135}},"branchMap":{"0":{"loc":{"start":{"line":104,"column":3},"end":{"line":108,"column":4}},"type":"if","locations":[{"start":{"line":104,"column":3},"end":{"line":108,"column":4}},{"start":{"line":104,"column":3},"end":{"line":108,"column":4}}],"line":104},"1":{"loc":{"start":{"line":119,"column":3},"end":{"line":129,"column":4}},"type":"if","locations":[{"start":{"line":119,"column":3},"end":{"line":129,"column":4}},{"start":{"line":119,"column":3},"end":{"line":129,"column":4}}],"line":119},"2":{"loc":{"start":{"line":120,"column":4},"end":{"line":122,"column":5}},"type":"if","locations":[{"start":{"line":120,"column":4},"end":{"line":122,"column":5}},{"start":{"line":120,"column":4},"end":{"line":122,"column":5}}],"line":120},"3":{"loc":{"start":{"line":120,"column":8},"end":{"line":120,"column":97}},"type":"binary-expr","locations":[{"start":{"line":120,"column":8},"end":{"line":120,"column":47}},{"start":{"line":120,"column":51},"end":{"line":120,"column":97}}],"line":120},"4":{"loc":{"start":{"line":139,"column":3},"end":{"line":145,"column":4}},"type":"if","locations":[{"start":{"line":139,"column":3},"end":{"line":145,"column":4}},{"start":{"line":139,"column":3},"end":{"line":145,"column":4}}],"line":139}},"s":{"0":5,"1":5,"2":5,"3":5,"4":5,"5":5,"6":5,"7":5,"8":1,"9":4,"10":1,"11":1,"12":1,"13":1,"14":1,"15":1,"16":1,"17":1,"18":1,"19":2,"20":2,"21":2,"22":2,"23":1,"24":1,"25":2,"26":2,"27":2,"28":2,"29":2,"30":1,"31":1,"32":1,"33":1,"34":1,"35":1,"36":0,"37":2,"38":2,"39":2,"40":2,"41":1,"42":1,"43":0,"44":5},"f":{"0":5,"1":1,"2":1,"3":1,"4":2,"5":2,"6":2},"b":{"0":[1,1],"1":[1,1],"2":[1,0],"3":[1,1],"4":[1,1]},"_coverageSchema":"1a1c01bbd47fc00a2c39e90264f33305004495a9","hash":"c149cf6a74694557f82a14e58f40aca07e52482a"}
,"/home/sitiaisyah/Documents/Hacktiv8/Phase-3 Flex/Final Project/coclinic-server/controllers/UserController.js": {"path":"/home/sitiaisyah/Documents/Hacktiv8/Phase-3 Flex/Final Project/coclinic-server/controllers/UserController.js","statementMap":{"0":{"start":{"line":1,"column":17},"end":{"line":1,"column":37}},"1":{"start":{"line":2,"column":29},"end":{"line":2,"column":67}},"2":{"start":{"line":3,"column":26},"end":{"line":3,"column":60}},"3":{"start":{"line":9,"column":4},"end":{"line":16,"column":5}},"4":{"start":{"line":10,"column":94},"end":{"line":10,"column":102}},"5":{"start":{"line":11,"column":22},"end":{"line":11,"column":101}},"6":{"start":{"line":12,"column":6},"end":{"line":12,"column":32}},"7":{"start":{"line":13,"column":6},"end":{"line":13,"column":80}},"8":{"start":{"line":15,"column":6},"end":{"line":15,"column":15}},"9":{"start":{"line":20,"column":4},"end":{"line":32,"column":5}},"10":{"start":{"line":21,"column":34},"end":{"line":21,"column":42}},"11":{"start":{"line":22,"column":19},"end":{"line":22,"column":59}},"12":{"start":{"line":23,"column":6},"end":{"line":28,"column":7}},"13":{"start":{"line":24,"column":29},"end":{"line":24,"column":95}},"14":{"start":{"line":25,"column":8},"end":{"line":25,"column":60}},"15":{"start":{"line":27,"column":8},"end":{"line":27,"column":50}},"16":{"start":{"line":35,"column":2},"end":{"line":47,"column":3}},"17":{"start":{"line":36,"column":21},"end":{"line":42,"column":5}},"18":{"start":{"line":43,"column":3},"end":{"line":43,"column":63}},"19":{"start":{"line":52,"column":0},"end":{"line":52,"column":31}}},"fnMap":{"0":{"name":"(anonymous_0)","decl":{"start":{"line":8,"column":2},"end":{"line":8,"column":3}},"loc":{"start":{"line":8,"column":40},"end":{"line":17,"column":3}},"line":8},"1":{"name":"(anonymous_1)","decl":{"start":{"line":19,"column":2},"end":{"line":19,"column":3}},"loc":{"start":{"line":19,"column":37},"end":{"line":33,"column":3}},"line":19},"2":{"name":"(anonymous_2)","decl":{"start":{"line":34,"column":2},"end":{"line":34,"column":3}},"loc":{"start":{"line":34,"column":48},"end":{"line":48,"column":3}},"line":34}},"branchMap":{"0":{"loc":{"start":{"line":23,"column":6},"end":{"line":28,"column":7}},"type":"if","locations":[{"start":{"line":23,"column":6},"end":{"line":28,"column":7}},{"start":{"line":23,"column":6},"end":{"line":28,"column":7}}],"line":23},"1":{"loc":{"start":{"line":23,"column":10},"end":{"line":23,"column":59}},"type":"binary-expr","locations":[{"start":{"line":23,"column":10},"end":{"line":23,"column":14}},{"start":{"line":23,"column":18},"end":{"line":23,"column":59}}],"line":23}},"s":{"0":5,"1":5,"2":5,"3":23,"4":23,"5":23,"6":23,"7":1,"8":22,"9":6,"10":6,"11":6,"12":6,"13":2,"14":2,"15":4,"16":1,"17":1,"18":1,"19":5},"f":{"0":23,"1":6,"2":1},"b":{"0":[2,4],"1":[6,4]},"_coverageSchema":"1a1c01bbd47fc00a2c39e90264f33305004495a9","hash":"8b0acfc56b69bcef0b76e7c65a09d806a65de4f1"}
,"/home/sitiaisyah/Documents/Hacktiv8/Phase-3 Flex/Final Project/coclinic-server/helpers/password-helpers.js": {"path":"/home/sitiaisyah/Documents/Hacktiv8/Phase-3 Flex/Final Project/coclinic-server/helpers/password-helpers.js","statementMap":{"0":{"start":{"line":1,"column":15},"end":{"line":1,"column":32}},"1":{"start":{"line":4,"column":21},"end":{"line":4,"column":64}},"2":{"start":{"line":4,"column":35},"end":{"line":4,"column":64}},"3":{"start":{"line":5,"column":25},"end":{"line":5,"column":95}},"4":{"start":{"line":5,"column":53},"end":{"line":5,"column":95}},"5":{"start":{"line":8,"column":0},"end":{"line":8,"column":51}}},"fnMap":{"0":{"name":"(anonymous_0)","decl":{"start":{"line":4,"column":21},"end":{"line":4,"column":22}},"loc":{"start":{"line":4,"column":35},"end":{"line":4,"column":64}},"line":4},"1":{"name":"(anonymous_1)","decl":{"start":{"line":5,"column":25},"end":{"line":5,"column":26}},"loc":{"start":{"line":5,"column":53},"end":{"line":5,"column":95}},"line":5}},"branchMap":{},"s":{"0":5,"1":5,"2":11,"3":5,"4":4,"5":5},"f":{"0":11,"1":4},"b":{},"_coverageSchema":"1a1c01bbd47fc00a2c39e90264f33305004495a9","hash":"bc40b48aa991027ed51629c41d1b39d9b86bd1e0"}
,"/home/sitiaisyah/Documents/Hacktiv8/Phase-3 Flex/Final Project/coclinic-server/helpers/snap-midtrans.js": {"path":"/home/sitiaisyah/Documents/Hacktiv8/Phase-3 Flex/Final Project/coclinic-server/helpers/snap-midtrans.js","statementMap":{"0":{"start":{"line":1,"column":23},"end":{"line":1,"column":49}},"1":{"start":{"line":7,"column":11},"end":{"line":11,"column":2}},"2":{"start":{"line":13,"column":0},"end":{"line":13,"column":21}}},"fnMap":{},"branchMap":{},"s":{"0":5,"1":5,"2":5},"f":{},"b":{},"_coverageSchema":"1a1c01bbd47fc00a2c39e90264f33305004495a9","hash":"cf5b3da50d2e16b80b28f1edfaacfd619c2bbfbd"}
,"/home/sitiaisyah/Documents/Hacktiv8/Phase-3 Flex/Final Project/coclinic-server/helpers/token-helper.js": {"path":"/home/sitiaisyah/Documents/Hacktiv8/Phase-3 Flex/Final Project/coclinic-server/helpers/token-helper.js","statementMap":{"0":{"start":{"line":1,"column":12},"end":{"line":1,"column":35}},"1":{"start":{"line":3,"column":22},"end":{"line":3,"column":80}},"2":{"start":{"line":3,"column":35},"end":{"line":3,"column":80}},"3":{"start":{"line":4,"column":20},"end":{"line":4,"column":76}},"4":{"start":{"line":4,"column":31},"end":{"line":4,"column":76}},"5":{"start":{"line":6,"column":0},"end":{"line":6,"column":47}}},"fnMap":{"0":{"name":"(anonymous_0)","decl":{"start":{"line":3,"column":22},"end":{"line":3,"column":23}},"loc":{"start":{"line":3,"column":35},"end":{"line":3,"column":80}},"line":3},"1":{"name":"(anonymous_1)","decl":{"start":{"line":4,"column":20},"end":{"line":4,"column":21}},"loc":{"start":{"line":4,"column":31},"end":{"line":4,"column":76}},"line":4}},"branchMap":{},"s":{"0":5,"1":5,"2":10,"3":5,"4":42,"5":5},"f":{"0":10,"1":42},"b":{},"_coverageSchema":"1a1c01bbd47fc00a2c39e90264f33305004495a9","hash":"fdec709ddca2253d2d241fea5c963219ebee70cf"}
,"/home/sitiaisyah/Documents/Hacktiv8/Phase-3 Flex/Final Project/coclinic-server/middlewares/auth.js": {"path":"/home/sitiaisyah/Documents/Hacktiv8/Phase-3 Flex/Final Project/coclinic-server/middlewares/auth.js","statementMap":{"0":{"start":{"line":1,"column":24},"end":{"line":1,"column":44}},"1":{"start":{"line":2,"column":24},"end":{"line":2,"column":58}},"2":{"start":{"line":5,"column":23},"end":{"line":21,"column":1}},"3":{"start":{"line":6,"column":2},"end":{"line":19,"column":3}},"4":{"start":{"line":7,"column":19},"end":{"line":7,"column":56}},"5":{"start":{"line":8,"column":17},"end":{"line":8,"column":48}},"6":{"start":{"line":18,"column":4},"end":{"line":18,"column":13}},"7":{"start":{"line":23,"column":18},"end":{"line":25,"column":1}},"8":{"start":{"line":24,"column":2},"end":{"line":24,"column":109}},"9":{"start":{"line":27,"column":21},"end":{"line":29,"column":1}},"10":{"start":{"line":28,"column":2},"end":{"line":28,"column":112}},"11":{"start":{"line":31,"column":0},"end":{"line":31,"column":61}}},"fnMap":{"0":{"name":"(anonymous_0)","decl":{"start":{"line":5,"column":23},"end":{"line":5,"column":24}},"loc":{"start":{"line":5,"column":49},"end":{"line":21,"column":1}},"line":5},"1":{"name":"(anonymous_1)","decl":{"start":{"line":23,"column":18},"end":{"line":23,"column":19}},"loc":{"start":{"line":23,"column":38},"end":{"line":25,"column":1}},"line":23},"2":{"name":"(anonymous_2)","decl":{"start":{"line":27,"column":21},"end":{"line":27,"column":22}},"loc":{"start":{"line":27,"column":47},"end":{"line":29,"column":1}},"line":27}},"branchMap":{"0":{"loc":{"start":{"line":24,"column":2},"end":{"line":24,"column":109}},"type":"cond-expr","locations":[{"start":{"line":24,"column":52},"end":{"line":24,"column":58}},{"start":{"line":24,"column":61},"end":{"line":24,"column":109}}],"line":24},"1":{"loc":{"start":{"line":28,"column":2},"end":{"line":28,"column":112}},"type":"cond-expr","locations":[{"start":{"line":28,"column":55},"end":{"line":28,"column":61}},{"start":{"line":28,"column":64},"end":{"line":28,"column":112}}],"line":28}},"s":{"0":5,"1":5,"2":5,"3":42,"4":42,"5":31,"6":11,"7":5,"8":20,"9":5,"10":11,"11":5},"f":{"0":42,"1":20,"2":11},"b":{"0":[12,8],"1":[8,3]},"_coverageSchema":"1a1c01bbd47fc00a2c39e90264f33305004495a9","hash":"a5dc900578601007f6eb6732b0e05c76cfa90884"}
,"/home/sitiaisyah/Documents/Hacktiv8/Phase-3 Flex/Final Project/coclinic-server/middlewares/errorHandler.js": {"path":"/home/sitiaisyah/Documents/Hacktiv8/Phase-3 Flex/Final Project/coclinic-server/middlewares/errorHandler.js","statementMap":{"0":{"start":{"line":2,"column":19},"end":{"line":2,"column":22}},"1":{"start":{"line":3,"column":16},"end":{"line":3,"column":42}},"2":{"start":{"line":5,"column":2},"end":{"line":25,"column":3}},"3":{"start":{"line":7,"column":6},"end":{"line":7,"column":22}},"4":{"start":{"line":8,"column":6},"end":{"line":8,"column":48}},"5":{"start":{"line":8,"column":37},"end":{"line":8,"column":47}},"6":{"start":{"line":9,"column":6},"end":{"line":9,"column":12}},"7":{"start":{"line":11,"column":6},"end":{"line":11,"column":22}},"8":{"start":{"line":12,"column":6},"end":{"line":12,"column":68}},"9":{"start":{"line":12,"column":37},"end":{"line":12,"column":67}},"10":{"start":{"line":13,"column":6},"end":{"line":13,"column":12}},"11":{"start":{"line":22,"column":6},"end":{"line":22,"column":22}},"12":{"start":{"line":23,"column":6},"end":{"line":23,"column":59}},"13":{"start":{"line":24,"column":6},"end":{"line":24,"column":12}},"14":{"start":{"line":27,"column":2},"end":{"line":49,"column":3}},"15":{"start":{"line":34,"column":6},"end":{"line":34,"column":22}},"16":{"start":{"line":35,"column":6},"end":{"line":35,"column":30}},"17":{"start":{"line":36,"column":6},"end":{"line":36,"column":12}},"18":{"start":{"line":38,"column":6},"end":{"line":38,"column":22}},"19":{"start":{"line":39,"column":6},"end":{"line":39,"column":30}},"20":{"start":{"line":40,"column":6},"end":{"line":40,"column":12}},"21":{"start":{"line":42,"column":6},"end":{"line":42,"column":22}},"22":{"start":{"line":43,"column":6},"end":{"line":43,"column":30}},"23":{"start":{"line":44,"column":6},"end":{"line":44,"column":12}},"24":{"start":{"line":46,"column":6},"end":{"line":46,"column":22}},"25":{"start":{"line":47,"column":6},"end":{"line":47,"column":30}},"26":{"start":{"line":48,"column":6},"end":{"line":48,"column":12}},"27":{"start":{"line":57,"column":2},"end":{"line":57,"column":62}},"28":{"start":{"line":61,"column":0},"end":{"line":61,"column":29}}},"fnMap":{"0":{"name":"errorHandler","decl":{"start":{"line":1,"column":9},"end":{"line":1,"column":21}},"loc":{"start":{"line":1,"column":43},"end":{"line":58,"column":1}},"line":1},"1":{"name":"(anonymous_1)","decl":{"start":{"line":8,"column":31},"end":{"line":8,"column":32}},"loc":{"start":{"line":8,"column":37},"end":{"line":8,"column":47}},"line":8},"2":{"name":"(anonymous_2)","decl":{"start":{"line":12,"column":31},"end":{"line":12,"column":32}},"loc":{"start":{"line":12,"column":37},"end":{"line":12,"column":67}},"line":12}},"branchMap":{"0":{"loc":{"start":{"line":5,"column":2},"end":{"line":25,"column":3}},"type":"switch","locations":[{"start":{"line":6,"column":4},"end":{"line":9,"column":12}},{"start":{"line":10,"column":4},"end":{"line":13,"column":12}},{"start":{"line":21,"column":4},"end":{"line":24,"column":12}}],"line":5},"1":{"loc":{"start":{"line":27,"column":2},"end":{"line":49,"column":3}},"type":"switch","locations":[{"start":{"line":33,"column":4},"end":{"line":36,"column":12}},{"start":{"line":37,"column":4},"end":{"line":40,"column":12}},{"start":{"line":41,"column":4},"end":{"line":44,"column":12}},{"start":{"line":45,"column":4},"end":{"line":48,"column":12}}],"line":27}},"s":{"0":59,"1":59,"2":59,"3":25,"4":25,"5":31,"6":25,"7":1,"8":1,"9":1,"10":1,"11":11,"12":11,"13":11,"14":59,"15":4,"16":4,"17":4,"18":11,"19":11,"20":11,"21":5,"22":5,"23":5,"24":2,"25":2,"26":2,"27":59,"28":5},"f":{"0":59,"1":31,"2":1},"b":{"0":[25,1,11],"1":[4,11,5,2]},"_coverageSchema":"1a1c01bbd47fc00a2c39e90264f33305004495a9","hash":"c92b53805628c5cb58a5e5fe2e91049110b06af0"}
,"/home/sitiaisyah/Documents/Hacktiv8/Phase-3 Flex/Final Project/coclinic-server/models/index.js": {"path":"/home/sitiaisyah/Documents/Hacktiv8/Phase-3 Flex/Final Project/coclinic-server/models/index.js","statementMap":{"0":{"start":{"line":3,"column":11},"end":{"line":3,"column":24}},"1":{"start":{"line":4,"column":13},"end":{"line":4,"column":28}},"2":{"start":{"line":5,"column":18},"end":{"line":5,"column":38}},"3":{"start":{"line":6,"column":17},"end":{"line":6,"column":42}},"4":{"start":{"line":9,"column":15},"end":{"line":9,"column":63}},"5":{"start":{"line":10,"column":11},"end":{"line":10,"column":13}},"6":{"start":{"line":21,"column":0},"end":{"line":29,"column":5}},"7":{"start":{"line":24,"column":4},"end":{"line":24,"column":90}},"8":{"start":{"line":27,"column":18},"end":{"line":27,"column":85}},"9":{"start":{"line":28,"column":4},"end":{"line":28,"column":27}},"10":{"start":{"line":31,"column":0},"end":{"line":36,"column":3}},"11":{"start":{"line":38,"column":0},"end":{"line":38,"column":25}},"12":{"start":{"line":39,"column":0},"end":{"line":39,"column":25}},"13":{"start":{"line":41,"column":0},"end":{"line":41,"column":20}}},"fnMap":{"0":{"name":"(anonymous_0)","decl":{"start":{"line":23,"column":10},"end":{"line":23,"column":11}},"loc":{"start":{"line":23,"column":18},"end":{"line":25,"column":3}},"line":23},"1":{"name":"(anonymous_1)","decl":{"start":{"line":26,"column":11},"end":{"line":26,"column":12}},"loc":{"start":{"line":26,"column":19},"end":{"line":29,"column":3}},"line":26},"2":{"name":"(anonymous_2)","decl":{"start":{"line":31,"column":24},"end":{"line":31,"column":25}},"loc":{"start":{"line":31,"column":37},"end":{"line":36,"column":1}},"line":31}},"branchMap":{"0":{"loc":{"start":{"line":24,"column":11},"end":{"line":24,"column":89}},"type":"binary-expr","locations":[{"start":{"line":24,"column":12},"end":{"line":24,"column":35}},{"start":{"line":24,"column":41},"end":{"line":24,"column":58}},{"start":{"line":24,"column":64},"end":{"line":24,"column":88}}],"line":24}},"s":{"0":5,"1":5,"2":5,"3":5,"4":5,"5":5,"6":5,"7":30,"8":25,"9":25,"10":5,"11":5,"12":5,"13":5},"f":{"0":30,"1":25,"2":25},"b":{"0":[30,30,25]},"_coverageSchema":"1a1c01bbd47fc00a2c39e90264f33305004495a9","hash":"c7a4501208badcdf254b4470437f1ad7638627ea"}
,"/home/sitiaisyah/Documents/Hacktiv8/Phase-3 Flex/Final Project/coclinic-server/models/live_tracking.js": {"path":"/home/sitiaisyah/Documents/Hacktiv8/Phase-3 Flex/Final Project/coclinic-server/models/live_tracking.js","statementMap":{"0":{"start":{"line":2,"column":18},"end":{"line":2,"column":38}},"1":{"start":{"line":3,"column":0},"end":{"line":66,"column":2}},"2":{"start":{"line":12,"column":3},"end":{"line":12,"column":41}},"3":{"start":{"line":15,"column":1},"end":{"line":64,"column":3}},"4":{"start":{"line":65,"column":1},"end":{"line":65,"column":22}}},"fnMap":{"0":{"name":"(anonymous_0)","decl":{"start":{"line":3,"column":17},"end":{"line":3,"column":18}},"loc":{"start":{"line":3,"column":43},"end":{"line":66,"column":1}},"line":3},"1":{"name":"(anonymous_1)","decl":{"start":{"line":10,"column":2},"end":{"line":10,"column":3}},"loc":{"start":{"line":10,"column":27},"end":{"line":13,"column":3}},"line":10}},"branchMap":{},"s":{"0":5,"1":5,"2":5,"3":5,"4":5},"f":{"0":5,"1":5},"b":{},"_coverageSchema":"1a1c01bbd47fc00a2c39e90264f33305004495a9","hash":"a834cb698500791f4a1ed19a32a8642b5dc1e563"}
,"/home/sitiaisyah/Documents/Hacktiv8/Phase-3 Flex/Final Project/coclinic-server/models/location_log.js": {"path":"/home/sitiaisyah/Documents/Hacktiv8/Phase-3 Flex/Final Project/coclinic-server/models/location_log.js","statementMap":{"0":{"start":{"line":4,"column":4},"end":{"line":4,"column":24}},"1":{"start":{"line":5,"column":0},"end":{"line":65,"column":2}},"2":{"start":{"line":14,"column":6},"end":{"line":14,"column":42}},"3":{"start":{"line":17,"column":2},"end":{"line":63,"column":5}},"4":{"start":{"line":64,"column":2},"end":{"line":64,"column":22}}},"fnMap":{"0":{"name":"(anonymous_0)","decl":{"start":{"line":5,"column":17},"end":{"line":5,"column":18}},"loc":{"start":{"line":5,"column":43},"end":{"line":65,"column":1}},"line":5},"1":{"name":"(anonymous_1)","decl":{"start":{"line":12,"column":4},"end":{"line":12,"column":5}},"loc":{"start":{"line":12,"column":29},"end":{"line":15,"column":5}},"line":12}},"branchMap":{},"s":{"0":5,"1":5,"2":5,"3":5,"4":5},"f":{"0":5,"1":5},"b":{},"_coverageSchema":"1a1c01bbd47fc00a2c39e90264f33305004495a9","hash":"f5fff0bbf5b5df1d0e3de05d5b861b84b433ba71"}
,"/home/sitiaisyah/Documents/Hacktiv8/Phase-3 Flex/Final Project/coclinic-server/models/order.js": {"path":"/home/sitiaisyah/Documents/Hacktiv8/Phase-3 Flex/Final Project/coclinic-server/models/order.js","statementMap":{"0":{"start":{"line":2,"column":18},"end":{"line":2,"column":38}},"1":{"start":{"line":3,"column":0},"end":{"line":117,"column":2}},"2":{"start":{"line":12,"column":3},"end":{"line":12,"column":32}},"3":{"start":{"line":13,"column":3},"end":{"line":13,"column":38}},"4":{"start":{"line":14,"column":3},"end":{"line":14,"column":38}},"5":{"start":{"line":15,"column":3},"end":{"line":15,"column":36}},"6":{"start":{"line":18,"column":1},"end":{"line":115,"column":3}},"7":{"start":{"line":109,"column":5},"end":{"line":109,"column":17}},"8":{"start":{"line":116,"column":1},"end":{"line":116,"column":14}}},"fnMap":{"0":{"name":"(anonymous_0)","decl":{"start":{"line":3,"column":17},"end":{"line":3,"column":18}},"loc":{"start":{"line":3,"column":43},"end":{"line":117,"column":1}},"line":3},"1":{"name":"(anonymous_1)","decl":{"start":{"line":10,"column":2},"end":{"line":10,"column":3}},"loc":{"start":{"line":10,"column":27},"end":{"line":16,"column":3}},"line":10},"2":{"name":"(anonymous_2)","decl":{"start":{"line":102,"column":18},"end":{"line":102,"column":19}},"loc":{"start":{"line":102,"column":29},"end":{"line":110,"column":5}},"line":102}},"branchMap":{},"s":{"0":5,"1":5,"2":5,"3":5,"4":5,"5":5,"6":5,"7":4,"8":5},"f":{"0":5,"1":5,"2":4},"b":{},"_coverageSchema":"1a1c01bbd47fc00a2c39e90264f33305004495a9","hash":"2665adbb1f657dac2d1a25f1309dc3824fac503e"}
,"/home/sitiaisyah/Documents/Hacktiv8/Phase-3 Flex/Final Project/coclinic-server/models/transaction.js": {"path":"/home/sitiaisyah/Documents/Hacktiv8/Phase-3 Flex/Final Project/coclinic-server/models/transaction.js","statementMap":{"0":{"start":{"line":4,"column":4},"end":{"line":4,"column":24}},"1":{"start":{"line":5,"column":0},"end":{"line":33,"column":2}},"2":{"start":{"line":14,"column":6},"end":{"line":14,"column":41}},"3":{"start":{"line":17,"column":2},"end":{"line":31,"column":5}},"4":{"start":{"line":32,"column":2},"end":{"line":32,"column":21}}},"fnMap":{"0":{"name":"(anonymous_0)","decl":{"start":{"line":5,"column":17},"end":{"line":5,"column":18}},"loc":{"start":{"line":5,"column":43},"end":{"line":33,"column":1}},"line":5},"1":{"name":"(anonymous_1)","decl":{"start":{"line":12,"column":4},"end":{"line":12,"column":5}},"loc":{"start":{"line":12,"column":29},"end":{"line":15,"column":5}},"line":12}},"branchMap":{},"s":{"0":5,"1":5,"2":5,"3":5,"4":5},"f":{"0":5,"1":5},"b":{},"_coverageSchema":"1a1c01bbd47fc00a2c39e90264f33305004495a9","hash":"781bbef5d75db86eceba827b510ebc79b74dfff0"}
,"/home/sitiaisyah/Documents/Hacktiv8/Phase-3 Flex/Final Project/coclinic-server/models/user.js": {"path":"/home/sitiaisyah/Documents/Hacktiv8/Phase-3 Flex/Final Project/coclinic-server/models/user.js","statementMap":{"0":{"start":{"line":3,"column":25},"end":{"line":3,"column":63}},"1":{"start":{"line":7,"column":4},"end":{"line":7,"column":24}},"2":{"start":{"line":8,"column":0},"end":{"line":176,"column":2}},"3":{"start":{"line":17,"column":6},"end":{"line":17,"column":32}},"4":{"start":{"line":20,"column":2},"end":{"line":174,"column":5}},"5":{"start":{"line":169,"column":8},"end":{"line":169,"column":51}},"6":{"start":{"line":175,"column":2},"end":{"line":175,"column":14}}},"fnMap":{"0":{"name":"(anonymous_0)","decl":{"start":{"line":8,"column":17},"end":{"line":8,"column":18}},"loc":{"start":{"line":8,"column":43},"end":{"line":176,"column":1}},"line":8},"1":{"name":"(anonymous_1)","decl":{"start":{"line":15,"column":4},"end":{"line":15,"column":5}},"loc":{"start":{"line":15,"column":29},"end":{"line":18,"column":5}},"line":15},"2":{"name":"(anonymous_2)","decl":{"start":{"line":168,"column":20},"end":{"line":168,"column":21}},"loc":{"start":{"line":168,"column":30},"end":{"line":170,"column":7}},"line":168}},"branchMap":{},"s":{"0":5,"1":5,"2":5,"3":5,"4":5,"5":6,"6":5},"f":{"0":5,"1":5,"2":6},"b":{},"_coverageSchema":"1a1c01bbd47fc00a2c39e90264f33305004495a9","hash":"dd060d60a843d199c364a31ce08a3ee92070de1a"}
,"/home/sitiaisyah/Documents/Hacktiv8/Phase-3 Flex/Final Project/coclinic-server/routes/certificate.js": {"path":"/home/sitiaisyah/Documents/Hacktiv8/Phase-3 Flex/Final Project/coclinic-server/routes/certificate.js","statementMap":{"0":{"start":{"line":1,"column":30},"end":{"line":1,"column":77}},"1":{"start":{"line":3,"column":15},"end":{"line":3,"column":42}},"2":{"start":{"line":5,"column":0},"end":{"line":5,"column":43}},"3":{"start":{"line":7,"column":0},"end":{"line":7,"column":24}}},"fnMap":{},"branchMap":{},"s":{"0":5,"1":5,"2":5,"3":5},"f":{},"b":{},"_coverageSchema":"1a1c01bbd47fc00a2c39e90264f33305004495a9","hash":"6ed2d1b3f8f967f8802c534ddae47500c03c2bb0"}
,"/home/sitiaisyah/Documents/Hacktiv8/Phase-3 Flex/Final Project/coclinic-server/routes/index.js": {"path":"/home/sitiaisyah/Documents/Hacktiv8/Phase-3 Flex/Final Project/coclinic-server/routes/index.js","statementMap":{"0":{"start":{"line":1,"column":15},"end":{"line":1,"column":42}},"1":{"start":{"line":2,"column":19},"end":{"line":2,"column":37}},"2":{"start":{"line":3,"column":20},"end":{"line":3,"column":39}},"3":{"start":{"line":4,"column":23},"end":{"line":4,"column":48}},"4":{"start":{"line":5,"column":23},"end":{"line":5,"column":44}},"5":{"start":{"line":6,"column":26},"end":{"line":6,"column":50}},"6":{"start":{"line":7,"column":26},"end":{"line":7,"column":50}},"7":{"start":{"line":9,"column":0},"end":{"line":9,"column":27}},"8":{"start":{"line":10,"column":0},"end":{"line":10,"column":34}},"9":{"start":{"line":11,"column":0},"end":{"line":11,"column":39}},"10":{"start":{"line":12,"column":0},"end":{"line":12,"column":39}},"11":{"start":{"line":13,"column":0},"end":{"line":13,"column":38}},"12":{"start":{"line":14,"column":0},"end":{"line":14,"column":45}},"13":{"start":{"line":17,"column":0},"end":{"line":17,"column":23}}},"fnMap":{},"branchMap":{},"s":{"0":5,"1":5,"2":5,"3":5,"4":5,"5":5,"6":5,"7":5,"8":5,"9":5,"10":5,"11":5,"12":5,"13":5},"f":{},"b":{},"_coverageSchema":"1a1c01bbd47fc00a2c39e90264f33305004495a9","hash":"12e2d82a8cd9defe67b05eb10083496ed159cfc4"}
,"/home/sitiaisyah/Documents/Hacktiv8/Phase-3 Flex/Final Project/coclinic-server/routes/liveTracking.js": {"path":"/home/sitiaisyah/Documents/Hacktiv8/Phase-3 Flex/Final Project/coclinic-server/routes/liveTracking.js","statementMap":{"0":{"start":{"line":1,"column":15},"end":{"line":1,"column":42}},"1":{"start":{"line":2,"column":31},"end":{"line":2,"column":79}},"2":{"start":{"line":3,"column":36},"end":{"line":3,"column":66}},"3":{"start":{"line":4,"column":27},"end":{"line":4,"column":57}},"4":{"start":{"line":6,"column":0},"end":{"line":6,"column":26}},"5":{"start":{"line":7,"column":0},"end":{"line":7,"column":63}},"6":{"start":{"line":8,"column":0},"end":{"line":8,"column":60}},"7":{"start":{"line":11,"column":0},"end":{"line":11,"column":23}}},"fnMap":{},"branchMap":{},"s":{"0":5,"1":5,"2":5,"3":5,"4":5,"5":5,"6":5,"7":5},"f":{},"b":{},"_coverageSchema":"1a1c01bbd47fc00a2c39e90264f33305004495a9","hash":"b2597d4d7c7963a40af1002e2b206216d4a45b2d"}
,"/home/sitiaisyah/Documents/Hacktiv8/Phase-3 Flex/Final Project/coclinic-server/routes/locationLog.js": {"path":"/home/sitiaisyah/Documents/Hacktiv8/Phase-3 Flex/Final Project/coclinic-server/routes/locationLog.js","statementMap":{"0":{"start":{"line":1,"column":15},"end":{"line":1,"column":42}},"1":{"start":{"line":2,"column":30},"end":{"line":2,"column":77}},"2":{"start":{"line":3,"column":22},"end":{"line":3,"column":52}},"3":{"start":{"line":4,"column":27},"end":{"line":4,"column":57}},"4":{"start":{"line":6,"column":0},"end":{"line":6,"column":26}},"5":{"start":{"line":7,"column":0},"end":{"line":7,"column":70}},"6":{"start":{"line":10,"column":0},"end":{"line":10,"column":23}}},"fnMap":{},"branchMap":{},"s":{"0":5,"1":5,"2":5,"3":5,"4":5,"5":5,"6":5},"f":{},"b":{},"_coverageSchema":"1a1c01bbd47fc00a2c39e90264f33305004495a9","hash":"4f8d60e886bfc1cbc23231454e99042dd3ab118b"}
,"/home/sitiaisyah/Documents/Hacktiv8/Phase-3 Flex/Final Project/coclinic-server/routes/midtrans.js": {"path":"/home/sitiaisyah/Documents/Hacktiv8/Phase-3 Flex/Final Project/coclinic-server/routes/midtrans.js","statementMap":{"0":{"start":{"line":1,"column":15},"end":{"line":1,"column":42}},"1":{"start":{"line":2,"column":26},"end":{"line":2,"column":70}},"2":{"start":{"line":6,"column":0},"end":{"line":6,"column":70}},"3":{"start":{"line":7,"column":0},"end":{"line":7,"column":76}},"4":{"start":{"line":11,"column":0},"end":{"line":11,"column":23}}},"fnMap":{},"branchMap":{},"s":{"0":5,"1":5,"2":5,"3":5,"4":5},"f":{},"b":{},"_coverageSchema":"1a1c01bbd47fc00a2c39e90264f33305004495a9","hash":"33c8f419dc4bc51c15666df65936ac9c62f79c64"}
,"/home/sitiaisyah/Documents/Hacktiv8/Phase-3 Flex/Final Project/coclinic-server/routes/orders.js": {"path":"/home/sitiaisyah/Documents/Hacktiv8/Phase-3 Flex/Final Project/coclinic-server/routes/orders.js","statementMap":{"0":{"start":{"line":1,"column":15},"end":{"line":1,"column":42}},"1":{"start":{"line":2,"column":24},"end":{"line":2,"column":65}},"2":{"start":{"line":3,"column":52},"end":{"line":3,"column":82}},"3":{"start":{"line":6,"column":0},"end":{"line":6,"column":26}},"4":{"start":{"line":7,"column":0},"end":{"line":7,"column":52}},"5":{"start":{"line":8,"column":0},"end":{"line":8,"column":76}},"6":{"start":{"line":9,"column":0},"end":{"line":9,"column":66}},"7":{"start":{"line":10,"column":0},"end":{"line":10,"column":74}},"8":{"start":{"line":11,"column":0},"end":{"line":11,"column":66}},"9":{"start":{"line":12,"column":0},"end":{"line":12,"column":63}},"10":{"start":{"line":13,"column":0},"end":{"line":13,"column":57}},"11":{"start":{"line":15,"column":0},"end":{"line":15,"column":24}}},"fnMap":{},"branchMap":{},"s":{"0":5,"1":5,"2":5,"3":5,"4":5,"5":5,"6":5,"7":5,"8":5,"9":5,"10":5,"11":5},"f":{},"b":{},"_coverageSchema":"1a1c01bbd47fc00a2c39e90264f33305004495a9","hash":"686c405c9e1ffa920cd77366cf919f50e70683e4"}
,"/home/sitiaisyah/Documents/Hacktiv8/Phase-3 Flex/Final Project/coclinic-server/routes/users.js": {"path":"/home/sitiaisyah/Documents/Hacktiv8/Phase-3 Flex/Final Project/coclinic-server/routes/users.js","statementMap":{"0":{"start":{"line":1,"column":15},"end":{"line":1,"column":42}},"1":{"start":{"line":2,"column":23},"end":{"line":2,"column":63}},"2":{"start":{"line":3,"column":38},"end":{"line":3,"column":68}},"3":{"start":{"line":5,"column":0},"end":{"line":5,"column":49}},"4":{"start":{"line":6,"column":0},"end":{"line":6,"column":43}},"5":{"start":{"line":7,"column":0},"end":{"line":7,"column":84}},"6":{"start":{"line":9,"column":0},"end":{"line":9,"column":23}}},"fnMap":{},"branchMap":{},"s":{"0":5,"1":5,"2":5,"3":5,"4":5,"5":5,"6":5},"f":{},"b":{},"_coverageSchema":"1a1c01bbd47fc00a2c39e90264f33305004495a9","hash":"c295f7c63c57669ce13861fea05075b4723c3a1d"}
}
