TN:
SF:app.js
FNF:0
FNH:0
DA:1,4
DA:2,4
DA:3,4
DA:4,4
DA:5,4
DA:8,4
DA:9,0
DA:13,4
DA:14,4
DA:15,4
DA:16,4
DA:17,4
DA:20,4
LF:13
LH:12
BRDA:8,0,0,0
BRDA:8,0,1,4
BRF:2
BRH:1
end_of_record
TN:
SF:config/config.js
FNF:0
FNH:0
DA:1,4
DA:3,4
DA:4,4
DA:8,4
DA:10,4
DA:11,4
DA:12,4
DA:13,4
DA:14,4
DA:16,4
LF:10
LH:10
BRDA:3,0,0,4
BRDA:3,0,1,0
BRF:2
BRH:1
end_of_record
TN:
SF:controllers/CertificateController.js
FN:4,(anonymous_0)
FNF:1
FNH:0
FNDA:0,(anonymous_0)
DA:1,4
DA:5,0
DA:6,0
DA:7,0
DA:8,0
DA:9,0
DA:10,0
DA:11,0
DA:12,0
DA:15,0
DA:17,0
DA:18,0
DA:21,0
DA:192,0
DA:197,4
LF:15
LH:2
BRDA:8,0,0,0
BRDA:8,0,1,0
BRDA:17,1,0,0
BRDA:17,1,1,0
BRF:4
BRH:0
end_of_record
TN:
SF:controllers/LiveTrackingController.js
FN:3,measure
FN:17,(anonymous_1)
FN:77,(anonymous_2)
FNF:3
FNH:3
FNDA:5,measure
FNDA:6,(anonymous_1)
FNDA:2,(anonymous_2)
DA:1,4
DA:4,5
DA:5,5
DA:6,5
DA:7,5
DA:10,5
DA:11,5
DA:12,5
DA:18,6
DA:19,6
DA:20,6
DA:22,6
DA:23,6
DA:39,6
DA:40,5
DA:41,5
DA:42,5
DA:44,5
DA:45,5
DA:46,1
DA:54,1
DA:55,0
DA:57,0
DA:58,0
DA:59,0
DA:60,0
DA:63,4
DA:64,4
DA:65,4
DA:66,0
DA:69,1
DA:72,5
DA:73,5
DA:78,2
DA:80,2
DA:81,2
DA:96,2
DA:97,1
DA:98,1
DA:100,1
DA:103,0
DA:109,4
LF:42
LH:35
BRDA:39,0,0,5
BRDA:39,0,1,1
BRDA:45,1,0,1
BRDA:45,1,1,4
BRDA:58,2,0,0
BRDA:58,2,1,0
BRDA:96,3,0,1
BRDA:96,3,1,1
BRF:8
BRH:6
end_of_record
TN:
SF:controllers/LocationLogController.js
FN:5,(anonymous_0)
FNF:1
FNH:0
FNDA:0,(anonymous_0)
DA:1,4
DA:6,0
DA:7,0
DA:23,0
DA:25,0
DA:31,4
LF:6
LH:2
BRF:0
BRH:0
end_of_record
TN:
SF:controllers/MidtransController.js
FN:5,(anonymous_0)
FN:47,(anonymous_1)
FNF:2
FNH:1
FNDA:1,(anonymous_0)
FNDA:0,(anonymous_1)
DA:1,4
DA:2,4
DA:6,1
DA:7,1
DA:8,1
DA:9,1
DA:27,1
DA:28,1
DA:29,1
DA:31,1
DA:33,0
DA:36,0
DA:37,0
DA:38,0
DA:39,0
DA:40,0
DA:41,0
DA:48,0
DA:49,0
DA:50,0
DA:51,0
DA:52,0
DA:53,0
DA:54,0
DA:55,0
DA:56,0
DA:58,0
DA:59,0
DA:60,0
DA:61,0
DA:62,0
DA:63,0
DA:66,0
DA:79,0
DA:80,0
DA:81,0
DA:82,0
DA:83,0
DA:85,0
DA:88,0
DA:89,0
DA:90,0
DA:91,0
DA:92,0
DA:93,0
DA:99,4
LF:46
LH:11
BRDA:28,0,0,1
BRDA:28,0,1,0
BRDA:52,1,0,0
BRDA:52,1,1,0
BRDA:53,2,0,0
BRDA:53,2,1,0
BRDA:55,3,0,0
BRDA:55,3,1,0
BRDA:58,4,0,0
BRDA:58,4,1,0
BRDA:60,5,0,0
BRDA:60,5,1,0
BRDA:60,6,0,0
BRDA:60,6,1,0
BRDA:60,6,2,0
BRDA:62,7,0,0
BRDA:62,7,1,0
BRDA:75,8,0,0
BRDA:75,8,1,0
BRDA:76,9,0,0
BRDA:76,9,1,0
BRDA:80,10,0,0
BRDA:80,10,1,0
BRF:23
BRH:1
end_of_record
TN:
SF:controllers/OrderController.js
FN:4,(anonymous_0)
FN:25,(anonymous_1)
FN:46,(anonymous_2)
FN:66,(anonymous_3)
FN:87,(anonymous_4)
FN:110,(anonymous_5)
FN:133,(anonymous_6)
FNF:7
FNH:6
FNDA:5,(anonymous_0)
FNDA:1,(anonymous_1)
FNDA:1,(anonymous_2)
FNDA:0,(anonymous_3)
FNDA:2,(anonymous_4)
FNDA:2,(anonymous_5)
FNDA:2,(anonymous_6)
DA:1,4
DA:5,5
DA:6,5
DA:7,5
DA:8,5
DA:9,5
DA:10,5
DA:18,5
DA:19,1
DA:21,4
DA:26,1
DA:27,1
DA:41,1
DA:43,0
DA:47,1
DA:48,1
DA:61,1
DA:63,0
DA:67,0
DA:68,0
DA:82,0
DA:84,0
DA:88,2
DA:89,2
DA:90,2
DA:101,2
DA:102,1
DA:104,1
DA:107,0
DA:111,2
DA:112,2
DA:113,2
DA:114,2
DA:115,2
DA:116,1
DA:117,1
DA:120,1
DA:121,1
DA:122,1
DA:123,1
DA:126,1
DA:129,0
DA:134,2
DA:135,2
DA:136,2
DA:137,2
DA:138,1
DA:139,1
DA:141,1
DA:144,0
DA:149,4
LF:51
LH:42
BRDA:101,0,0,1
BRDA:101,0,1,1
BRDA:115,1,0,1
BRDA:115,1,1,1
BRDA:116,2,0,1
BRDA:116,2,1,0
BRDA:116,3,0,1
BRDA:116,3,1,1
BRDA:137,4,0,1
BRDA:137,4,1,1
BRF:10
BRH:9
end_of_record
TN:
SF:controllers/UserController.js
FN:8,(anonymous_0)
FN:20,(anonymous_1)
FN:35,(anonymous_2)
FNF:3
FNH:3
FNDA:23,(anonymous_0)
FNDA:6,(anonymous_1)
FNDA:1,(anonymous_2)
DA:1,4
DA:2,4
DA:3,4
DA:9,23
DA:10,23
DA:11,23
DA:13,23
DA:14,1
DA:16,22
DA:21,6
DA:22,6
DA:23,6
DA:24,6
DA:25,2
DA:26,2
DA:28,4
DA:31,0
DA:36,1
DA:37,1
DA:44,1
DA:46,0
DA:52,4
LF:22
LH:20
BRDA:24,0,0,2
BRDA:24,0,1,4
BRDA:24,1,0,6
BRDA:24,1,1,4
BRF:4
BRH:4
end_of_record
TN:
SF:helpers/password-helpers.js
FN:4,(anonymous_0)
FN:5,(anonymous_1)
FNF:2
FNH:2
FNDA:9,(anonymous_0)
FNDA:4,(anonymous_1)
DA:1,4
DA:4,9
DA:5,4
DA:8,4
LF:4
LH:4
BRF:0
BRH:0
end_of_record
TN:
SF:helpers/snap-midtrans.js
FNF:0
FNH:0
DA:1,4
DA:3,4
DA:4,4
DA:7,4
DA:13,4
LF:5
LH:5
BRDA:3,0,0,4
BRDA:3,0,1,0
BRF:2
BRH:1
end_of_record
TN:
SF:helpers/token-helper.js
FN:3,(anonymous_0)
FN:4,(anonymous_1)
FNF:2
FNH:2
FNDA:8,(anonymous_0)
FNDA:40,(anonymous_1)
DA:1,4
DA:3,8
DA:4,40
DA:6,4
LF:4
LH:4
BRF:0
BRH:0
end_of_record
TN:
SF:middlewares/auth.js
FN:5,(anonymous_0)
FN:21,(anonymous_1)
FN:25,(anonymous_2)
FNF:3
FNH:3
FNDA:40,(anonymous_0)
FNDA:16,(anonymous_1)
FNDA:15,(anonymous_2)
DA:1,4
DA:2,4
DA:5,4
DA:6,40
DA:7,40
DA:8,31
DA:9,31
DA:10,31
DA:11,31
DA:13,0
DA:16,9
DA:21,4
DA:22,16
DA:25,4
DA:26,15
DA:29,4
LF:16
LH:15
BRDA:9,0,0,31
BRDA:9,0,1,0
BRDA:22,1,0,10
BRDA:22,1,1,6
BRDA:26,2,0,12
BRDA:26,2,1,3
BRF:6
BRH:5
end_of_record
TN:
SF:middlewares/errorHandler.js
FN:1,errorHandler
FN:8,(anonymous_1)
FN:12,(anonymous_2)
FNF:3
FNH:3
FNDA:58,errorHandler
FNDA:35,(anonymous_1)
FNDA:1,(anonymous_2)
DA:2,58
DA:3,58
DA:5,58
DA:7,29
DA:8,35
DA:9,29
DA:11,1
DA:12,1
DA:13,1
DA:15,0
DA:16,0
DA:17,0
DA:19,0
DA:21,9
DA:22,9
DA:23,9
DA:27,58
DA:30,4
DA:31,4
DA:32,4
DA:34,9
DA:35,9
DA:36,9
DA:38,3
DA:39,3
DA:40,3
DA:42,2
DA:43,2
DA:44,2
DA:47,58
DA:48,0
DA:49,0
DA:52,58
DA:53,58
DA:57,4
LF:35
LH:29
BRDA:5,0,0,29
BRDA:5,0,1,1
BRDA:5,0,2,0
BRDA:5,0,3,9
BRDA:15,1,0,0
BRDA:15,1,1,0
BRDA:27,2,0,0
BRDA:27,2,1,4
BRDA:27,2,2,9
BRDA:27,2,3,3
BRDA:27,2,4,2
BRDA:47,3,0,0
BRDA:47,3,1,58
BRF:13
BRH:8
end_of_record
TN:
SF:models/index.js
FN:20,(anonymous_0)
FN:23,(anonymous_1)
FN:28,(anonymous_2)
FNF:3
FNH:3
FNDA:24,(anonymous_0)
FNDA:20,(anonymous_1)
FNDA:20,(anonymous_2)
DA:3,4
DA:4,4
DA:5,4
DA:6,4
DA:7,4
DA:8,4
DA:9,4
DA:12,4
DA:13,0
DA:15,4
DA:18,4
DA:21,24
DA:24,20
DA:25,20
DA:28,4
DA:29,20
DA:30,20
DA:34,4
DA:35,4
DA:37,4
LF:20
LH:19
BRDA:7,0,0,4
BRDA:7,0,1,0
BRDA:12,1,0,0
BRDA:12,1,1,4
BRDA:21,2,0,24
BRDA:21,2,1,24
BRDA:21,2,2,20
BRDA:29,3,0,20
BRDA:29,3,1,0
BRF:9
BRH:6
end_of_record
TN:
SF:models/live_tracking.js
FN:3,(anonymous_0)
FN:10,(anonymous_1)
FNF:2
FNH:2
FNDA:4,(anonymous_0)
FNDA:4,(anonymous_1)
DA:2,4
DA:3,4
DA:12,4
DA:15,4
DA:65,4
LF:5
LH:5
BRF:0
BRH:0
end_of_record
TN:
SF:models/location_log.js
FN:5,(anonymous_0)
FN:12,(anonymous_1)
FNF:2
FNH:2
FNDA:4,(anonymous_0)
FNDA:4,(anonymous_1)
DA:4,4
DA:5,4
DA:14,4
DA:17,4
DA:64,4
LF:5
LH:5
BRF:0
BRH:0
end_of_record
TN:
SF:models/order.js
FN:3,(anonymous_0)
FN:10,(anonymous_1)
FN:102,(anonymous_2)
FNF:3
FNH:3
FNDA:4,(anonymous_0)
FNDA:4,(anonymous_1)
FNDA:3,(anonymous_2)
DA:2,4
DA:3,4
DA:12,4
DA:13,4
DA:14,4
DA:15,4
DA:18,4
DA:103,3
DA:104,3
DA:105,3
DA:106,3
DA:113,4
LF:12
LH:12
BRDA:103,0,0,0
BRDA:103,0,1,3
BRDA:104,1,0,0
BRDA:104,1,1,3
BRDA:105,2,0,0
BRDA:105,2,1,3
BRF:6
BRH:3
end_of_record
TN:
SF:models/transaction.js
FN:5,(anonymous_0)
FN:12,(anonymous_1)
FNF:2
FNH:2
FNDA:4,(anonymous_0)
FNDA:4,(anonymous_1)
DA:4,4
DA:5,4
DA:14,4
DA:17,4
DA:32,4
LF:5
LH:5
BRF:0
BRH:0
end_of_record
TN:
SF:models/user.js
FN:8,(anonymous_0)
FN:15,(anonymous_1)
FN:168,(anonymous_2)
FNF:3
FNH:3
FNDA:4,(anonymous_0)
FNDA:4,(anonymous_1)
FNDA:5,(anonymous_2)
DA:3,4
DA:7,4
DA:8,4
DA:17,4
DA:20,4
DA:169,5
DA:175,4
LF:7
LH:7
BRF:0
BRH:0
end_of_record
TN:
SF:routes/certificate.js
FNF:0
FNH:0
DA:1,4
DA:3,4
DA:5,4
DA:7,4
LF:4
LH:4
BRF:0
BRH:0
end_of_record
TN:
SF:routes/index.js
FNF:0
FNH:0
DA:1,4
DA:2,4
DA:3,4
DA:4,4
DA:5,4
DA:6,4
DA:7,4
DA:9,4
DA:10,4
DA:11,4
DA:12,4
DA:13,4
DA:14,4
DA:17,4
LF:14
LH:14
BRF:0
BRH:0
end_of_record
TN:
SF:routes/liveTracking.js
FNF:0
FNH:0
DA:1,4
DA:2,4
DA:3,4
DA:4,4
DA:6,4
DA:7,4
DA:8,4
DA:11,4
LF:8
LH:8
BRF:0
BRH:0
end_of_record
TN:
SF:routes/locationLog.js
FNF:0
FNH:0
DA:1,4
DA:2,4
DA:3,4
DA:4,4
DA:6,4
DA:7,4
DA:10,4
LF:7
LH:7
BRF:0
BRH:0
end_of_record
TN:
SF:routes/midtrans.js
FNF:0
FNH:0
DA:1,4
DA:2,4
DA:6,4
DA:7,4
DA:11,4
LF:5
LH:5
BRF:0
BRH:0
end_of_record
TN:
SF:routes/orders.js
FNF:0
FNH:0
DA:1,4
DA:2,4
DA:3,4
DA:6,4
DA:7,4
DA:8,4
DA:9,4
DA:10,4
DA:11,4
DA:12,4
DA:13,4
DA:15,4
LF:12
LH:12
BRF:0
BRH:0
end_of_record
TN:
SF:routes/users.js
FNF:0
FNH:0
DA:1,4
DA:2,4
DA:3,4
DA:5,4
DA:6,4
DA:7,4
DA:9,4
LF:7
LH:7
BRF:0
BRH:0
end_of_record
