TN:
SF:app.js
FNF:0
FNH:0
DA:1,3
DA:2,3
DA:3,3
DA:4,3
DA:5,3
DA:7,3
DA:8,0
DA:12,3
DA:13,3
DA:14,3
DA:15,3
DA:16,3
DA:19,3
LF:13
LH:12
BRDA:7,0,0,0
BRDA:7,0,1,3
BRF:2
BRH:1
end_of_record
TN:
SF:config/config.js
FNF:0
FNH:0
DA:1,3
DA:3,3
DA:4,3
DA:8,3
DA:10,3
DA:11,3
DA:12,3
DA:13,3
DA:14,3
DA:16,3
LF:10
LH:10
BRDA:3,0,0,3
BRDA:3,0,1,0
BRF:2
BRH:1
end_of_record
TN:
SF:controllers/LiveTrackingController.js
FN:3,measure
FN:17,(anonymous_1)
FN:58,(anonymous_2)
FNF:3
FNH:3
FNDA:5,measure
FNDA:6,(anonymous_1)
FNDA:2,(anonymous_2)
DA:1,3
DA:4,5
DA:5,5
DA:6,5
DA:7,5
DA:10,5
DA:11,5
DA:12,5
DA:18,6
DA:19,6
DA:21,6
DA:22,6
DA:38,6
DA:39,5
DA:40,5
DA:41,5
DA:43,5
DA:45,5
DA:46,5
DA:47,5
DA:48,1
DA:51,1
DA:54,4
DA:59,2
DA:61,2
DA:62,2
DA:77,2
DA:78,1
DA:79,1
DA:81,1
DA:84,0
DA:90,3
LF:32
LH:31
BRDA:38,0,0,5
BRDA:38,0,1,1
BRDA:43,1,0,1
BRDA:43,1,1,4
BRDA:77,2,0,1
BRDA:77,2,1,1
BRF:6
BRH:6
end_of_record
TN:
SF:controllers/OrderController.js
FN:4,(anonymous_0)
FN:24,(anonymous_1)
FN:44,(anonymous_2)
FN:63,(anonymous_3)
FN:86,(anonymous_4)
FN:109,(anonymous_5)
FNF:6
FNH:6
FNDA:5,(anonymous_0)
FNDA:1,(anonymous_1)
FNDA:1,(anonymous_2)
FNDA:2,(anonymous_3)
FNDA:2,(anonymous_4)
FNDA:2,(anonymous_5)
DA:1,3
DA:5,5
DA:6,5
DA:7,5
DA:8,5
DA:9,5
DA:10,5
DA:17,5
DA:18,1
DA:20,4
DA:25,1
DA:26,1
DA:39,1
DA:41,0
DA:45,1
DA:46,1
DA:58,1
DA:60,0
DA:64,2
DA:65,2
DA:66,2
DA:77,2
DA:78,1
DA:80,1
DA:83,0
DA:87,2
DA:88,2
DA:89,2
DA:90,2
DA:91,2
DA:92,1
DA:93,1
DA:96,1
DA:97,1
DA:98,1
DA:99,1
DA:102,1
DA:105,0
DA:110,2
DA:111,2
DA:112,2
DA:113,2
DA:114,1
DA:115,1
DA:117,1
DA:120,0
DA:125,3
LF:47
LH:42
BRDA:77,0,0,1
BRDA:77,0,1,1
BRDA:91,1,0,1
BRDA:91,1,1,1
BRDA:92,2,0,1
BRDA:92,2,1,0
BRDA:92,3,0,1
BRDA:92,3,1,1
BRDA:113,4,0,1
BRDA:113,4,1,1
BRF:10
BRH:9
end_of_record
TN:
SF:controllers/UserController.js
FN:8,(anonymous_0)
FN:20,(anonymous_1)
FNF:2
FNH:2
FNDA:23,(anonymous_0)
FNDA:6,(anonymous_1)
DA:1,3
DA:2,3
DA:3,3
DA:9,23
DA:10,23
DA:11,23
DA:13,23
DA:14,1
DA:16,22
DA:21,6
DA:22,6
DA:23,6
DA:24,6
DA:25,2
DA:26,2
DA:28,4
DA:31,0
DA:37,3
LF:18
LH:17
BRDA:24,0,0,2
BRDA:24,0,1,4
BRDA:24,1,0,6
BRDA:24,1,1,4
BRF:4
BRH:4
end_of_record
TN:
SF:helpers/password-helpers.js
FN:4,(anonymous_0)
FN:5,(anonymous_1)
FNF:2
FNH:2
FNDA:7,(anonymous_0)
FNDA:4,(anonymous_1)
DA:1,3
DA:4,7
DA:5,4
DA:8,3
LF:4
LH:4
BRF:0
BRH:0
end_of_record
TN:
SF:helpers/token-helper.js
FN:3,(anonymous_0)
FN:4,(anonymous_1)
FNF:2
FNH:2
FNDA:6,(anonymous_0)
FNDA:37,(anonymous_1)
DA:1,3
DA:3,6
DA:4,37
DA:6,3
LF:4
LH:4
BRF:0
BRH:0
end_of_record
TN:
SF:middlewares/auth.js
FN:5,(anonymous_0)
FN:21,(anonymous_1)
FN:25,(anonymous_2)
FNF:3
FNH:3
FNDA:37,(anonymous_0)
FNDA:21,(anonymous_1)
FNDA:8,(anonymous_2)
DA:1,3
DA:2,3
DA:5,3
DA:6,37
DA:7,37
DA:8,29
DA:9,29
DA:10,29
DA:11,29
DA:13,0
DA:16,8
DA:21,3
DA:22,21
DA:25,3
DA:26,8
DA:29,3
LF:16
LH:15
BRDA:9,0,0,29
BRDA:9,0,1,0
BRDA:22,1,0,15
BRDA:22,1,1,6
BRDA:26,2,0,6
BRDA:26,2,1,2
BRF:6
BRH:5
end_of_record
TN:
SF:middlewares/errorHandler.js
FN:1,errorHandler
FN:9,(anonymous_1)
FN:13,(anonymous_2)
FNF:3
FNH:3
FNDA:55,errorHandler
FNDA:35,(anonymous_1)
FNDA:1,(anonymous_2)
DA:2,55
DA:3,55
DA:4,55
DA:6,55
DA:8,29
DA:9,35
DA:10,29
DA:12,1
DA:13,1
DA:14,1
DA:17,0
DA:18,0
DA:19,0
DA:21,0
DA:23,8
DA:24,8
DA:25,8
DA:29,55
DA:31,4
DA:32,4
DA:33,4
DA:35,8
DA:36,8
DA:37,8
DA:39,3
DA:40,3
DA:41,3
DA:43,2
DA:44,2
DA:45,2
DA:48,55
DA:49,55
DA:53,3
LF:33
LH:29
BRDA:6,0,0,29
BRDA:6,0,1,1
BRDA:6,0,2,0
BRDA:6,0,3,8
BRDA:17,1,0,0
BRDA:17,1,1,0
BRDA:29,2,0,4
BRDA:29,2,1,8
BRDA:29,2,2,3
BRDA:29,2,3,2
BRF:10
BRH:7
end_of_record
TN:
SF:models/index.js
FN:20,(anonymous_0)
FN:23,(anonymous_1)
FN:28,(anonymous_2)
FNF:3
FNH:3
FNDA:15,(anonymous_0)
FNDA:12,(anonymous_1)
FNDA:12,(anonymous_2)
DA:3,3
DA:4,3
DA:5,3
DA:6,3
DA:7,3
DA:8,3
DA:9,3
DA:12,3
DA:13,0
DA:15,3
DA:18,3
DA:21,15
DA:24,12
DA:25,12
DA:28,3
DA:29,12
DA:30,12
DA:34,3
DA:35,3
DA:37,3
LF:20
LH:19
BRDA:7,0,0,3
BRDA:7,0,1,0
BRDA:12,1,0,0
BRDA:12,1,1,3
BRDA:21,2,0,15
BRDA:21,2,1,15
BRDA:21,2,2,12
BRDA:29,3,0,12
BRDA:29,3,1,0
BRF:9
BRH:6
end_of_record
TN:
SF:models/live_tracking.js
FN:3,(anonymous_0)
FN:10,(anonymous_1)
FNF:2
FNH:2
FNDA:3,(anonymous_0)
FNDA:3,(anonymous_1)
DA:2,3
DA:3,3
DA:12,3
DA:15,3
DA:65,3
LF:5
LH:5
BRF:0
BRH:0
end_of_record
TN:
SF:models/location_log.js
FN:5,(anonymous_0)
FN:12,(anonymous_1)
FNF:2
FNH:2
FNDA:3,(anonymous_0)
FNDA:3,(anonymous_1)
DA:4,3
DA:5,3
DA:14,3
DA:17,3
DA:64,3
LF:5
LH:5
BRF:0
BRH:0
end_of_record
TN:
SF:models/order.js
FN:3,(anonymous_0)
FN:10,(anonymous_1)
FN:87,(anonymous_2)
FNF:3
FNH:3
FNDA:3,(anonymous_0)
FNDA:3,(anonymous_1)
FNDA:2,(anonymous_2)
DA:2,3
DA:3,3
DA:12,3
DA:13,3
DA:14,3
DA:17,3
DA:88,2
DA:89,2
DA:90,2
DA:91,2
DA:98,3
LF:11
LH:11
BRDA:88,0,0,1
BRDA:88,0,1,1
BRDA:89,1,0,0
BRDA:89,1,1,2
BRDA:90,2,0,0
BRDA:90,2,1,2
BRF:6
BRH:4
end_of_record
TN:
SF:models/user.js
FN:8,(anonymous_0)
FN:15,(anonymous_1)
FN:168,(anonymous_2)
FNF:3
FNH:3
FNDA:3,(anonymous_0)
FNDA:3,(anonymous_1)
FNDA:4,(anonymous_2)
DA:3,3
DA:7,3
DA:8,3
DA:17,3
DA:20,3
DA:169,4
DA:175,3
LF:7
LH:7
BRF:0
BRH:0
end_of_record
TN:
SF:routes/index.js
FNF:0
FNH:0
DA:1,3
DA:2,3
DA:3,3
DA:4,3
DA:7,3
DA:8,3
DA:9,3
DA:12,3
LF:8
LH:8
BRF:0
BRH:0
end_of_record
TN:
SF:routes/liveTracking.js
FNF:0
FNH:0
DA:1,3
DA:2,3
DA:3,3
DA:4,3
DA:6,3
DA:7,3
DA:8,3
DA:11,3
LF:8
LH:8
BRF:0
BRH:0
end_of_record
TN:
SF:routes/orders.js
FNF:0
FNH:0
DA:1,3
DA:2,3
DA:3,3
DA:6,3
DA:7,3
DA:8,3
DA:9,3
DA:10,3
DA:11,3
DA:12,3
DA:14,3
LF:11
LH:11
BRF:0
BRH:0
end_of_record
TN:
SF:routes/users.js
FNF:0
FNH:0
DA:1,3
DA:2,3
DA:4,3
DA:5,3
DA:7,3
LF:5
LH:5
BRF:0
BRH:0
end_of_record
